2023-03-25 12:07:02,785 [INFO] Activator:179 - 


2023-03-25 12:07:02,788 [INFO] Activator:180 - !SESSION log4j initialized
2023-03-25 12:07:35,380 [INFO] Activator:179 - 


2023-03-25 12:07:35,382 [INFO] Activator:180 - !SESSION log4j initialized
2023-03-25 12:07:50,449 [INFO] McuFinderGlobals:52 - Set McuFinder mode to 2 (CubeIDE integrated)
2023-03-25 12:07:52,020 [INFO] ApplicationProperties:181 - Using Application install path: C:\PROGRAMM\STM32CubeIDE_1.11.2\STM32CubeIDE\plugins\com.st.stm32cube.common.mx_6.7.0.202301130839
2023-03-25 12:07:52,042 [INFO] DbMcusXml:77 - Set database path to: C:\PROGRAMM\STM32CubeIDE_1.11.2\STM32CubeIDE\plugins\com.st.stm32cube.common.mx_6.7.0.202301130839\\db\/mcu/
2023-03-25 12:07:52,042 [INFO] ApiDb:273 - Set plugin database path to: C:\PROGRAMM\STM32CubeIDE_1.11.2\STM32CubeIDE\plugins\com.st.stm32cube.common.mx_6.7.0.202301130839\\db\/plugins/boardmanager/
2023-03-25 12:07:52,049 [WARN] ApiDb:258 - Overriding images path with different value:  => C:\PROGRAMM\STM32CubeIDE_1.11.2\STM32CubeIDE\plugins\com.st.stm32cube.common.mx_6.7.0.202301130839\\db\/plugins/mcufinder/images/
2023-03-25 12:07:52,080 [INFO] ApiDb:249 - Set database path to: C:\Users\sdvs1\.stmcufinder\plugins\mcufinder//mcu/
2023-03-25 12:07:52,082 [INFO] DbMcusAds:124 - Set database path to: C:\Users\sdvs1\.stmcufinder\plugins\mcufinder//mcu/
2023-03-25 12:07:52,090 [INFO] CrossReferenceDbSqlite:202 - Set database path to: C:\Users\sdvs1\.stmcufinder\plugins\mcufinder//mcu/cs/
2023-03-25 12:07:52,282 [INFO] RulesReader:61 - Compatibility file has been processed (283 Rules)
2023-03-25 12:07:52,444 [INFO] DbMcusXml:77 - Set database path to: C:\PROGRAMM\STM32CubeIDE_1.11.2\STM32CubeIDE\plugins\com.st.stm32cube.common.mx_6.7.0.202301130839\\db\/mcu/
2023-03-25 12:07:52,444 [INFO] ApiDb:273 - Set plugin database path to: C:\PROGRAMM\STM32CubeIDE_1.11.2\STM32CubeIDE\plugins\com.st.stm32cube.common.mx_6.7.0.202301130839\\db\/plugins/boardmanager/
2023-03-25 12:07:52,444 [INFO] ApiDb:260 - Set plugin images path to: C:\PROGRAMM\STM32CubeIDE_1.11.2\STM32CubeIDE\plugins\com.st.stm32cube.common.mx_6.7.0.202301130839\\db\/plugins/mcufinder/images/
2023-03-25 12:07:52,445 [WARN] DbFile:40 - Overriding database path with different value: C:\Users\sdvs1\.stmcufinder\plugins\mcufinder/ => C:\Users\sdvs1\.stmcufinder\plugins\mcufinder
2023-03-25 12:07:52,445 [INFO] ApiDb:249 - Set database path to: C:\Users\sdvs1\.stmcufinder\plugins\mcufinder//mcu/
2023-03-25 12:07:52,445 [WARN] DbFile:40 - Overriding database path with different value: C:\Users\sdvs1\.stmcufinder\plugins\mcufinder/ => C:\Users\sdvs1\.stmcufinder\plugins\mcufinder
2023-03-25 12:07:52,445 [INFO] DbMcusAds:124 - Set database path to: C:\Users\sdvs1\.stmcufinder\plugins\mcufinder//mcu/
2023-03-25 12:07:52,446 [WARN] DbFile:40 - Overriding database path with different value: C:\Users\sdvs1\.stmcufinder\plugins\mcufinder/ => C:\Users\sdvs1\.stmcufinder\plugins\mcufinder
2023-03-25 12:07:52,447 [WARN] DbFile:40 - Overriding database path with different value: C:\Users\sdvs1\.stmcufinder\plugins\mcufinder/ => C:\Users\sdvs1\.stmcufinder\plugins\mcufinder
2023-03-25 12:07:52,447 [INFO] CrossReferenceDbSqlite:202 - Set database path to: C:\Users\sdvs1\.stmcufinder\plugins\mcufinder//mcu/cs/
2023-03-25 12:07:52,561 [INFO] MainPanel:252 - HeapMemory: 268435456
2023-03-25 12:07:52,652 [INFO] DbMcusXml:77 - Set database path to: C:\PROGRAMM\STM32CubeIDE_1.11.2\STM32CubeIDE\plugins\com.st.stm32cube.common.mx_6.7.0.202301130839\\db\/mcu/
2023-03-25 12:07:52,652 [INFO] ApiDb:273 - Set plugin database path to: C:\PROGRAMM\STM32CubeIDE_1.11.2\STM32CubeIDE\plugins\com.st.stm32cube.common.mx_6.7.0.202301130839\\db\/plugins/boardmanager/
2023-03-25 12:07:52,652 [INFO] ApiDb:260 - Set plugin images path to: C:\PROGRAMM\STM32CubeIDE_1.11.2\STM32CubeIDE\plugins\com.st.stm32cube.common.mx_6.7.0.202301130839\\db\/plugins/mcufinder/images/
2023-03-25 12:07:52,653 [WARN] DbFile:40 - Overriding database path with different value: C:\Users\sdvs1\.stmcufinder\plugins\mcufinder/ => C:\Users\sdvs1\.stmcufinder\plugins\mcufinder
2023-03-25 12:07:52,657 [INFO] ApiDb:249 - Set database path to: C:\Users\sdvs1\.stmcufinder\plugins\mcufinder//mcu/
2023-03-25 12:07:52,657 [WARN] DbFile:40 - Overriding database path with different value: C:\Users\sdvs1\.stmcufinder\plugins\mcufinder/ => C:\Users\sdvs1\.stmcufinder\plugins\mcufinder
2023-03-25 12:07:52,657 [INFO] DbMcusAds:124 - Set database path to: C:\Users\sdvs1\.stmcufinder\plugins\mcufinder//mcu/
2023-03-25 12:07:52,657 [WARN] DbFile:40 - Overriding database path with different value: C:\Users\sdvs1\.stmcufinder\plugins\mcufinder/ => C:\Users\sdvs1\.stmcufinder\plugins\mcufinder
2023-03-25 12:07:52,658 [WARN] DbFile:40 - Overriding database path with different value: C:\Users\sdvs1\.stmcufinder\plugins\mcufinder/ => C:\Users\sdvs1\.stmcufinder\plugins\mcufinder
2023-03-25 12:07:52,658 [INFO] CrossReferenceDbSqlite:202 - Set database path to: C:\Users\sdvs1\.stmcufinder\plugins\mcufinder//mcu/cs/
2023-03-25 12:07:52,680 [INFO] ApplicationProperties:181 - Using Application install path: C:\PROGRAMM\STM32CubeIDE_1.11.2\STM32CubeIDE\plugins\com.st.stm32cube.common.mx_6.7.0.202301130839
2023-03-25 12:07:52,682 [INFO] PluginManage:193 - Search for loadable plugins [exclusion list=, ]
2023-03-25 12:07:52,686 [INFO] PluginManage:307 - Check plugin analytics
2023-03-25 12:08:02,006 [INFO] AnalyticsPlugin:262 - Accepted Software Licenses: 
2023-03-25 12:08:02,008 [INFO] AnalyticsPlugin:264 - Accepted CMSIS Pack Licenses: 
2023-03-25 12:08:02,011 [INFO] AnalyticsPlugin:266 - Accepted Firmware Licenses: 
2023-03-25 12:08:02,024 [INFO] PluginManage:356 - Loaded plugin analytics (category:tool,tabindex:-1)
2023-03-25 12:08:02,024 [INFO] PluginManage:307 - Check plugin cadmodel
2023-03-25 12:08:02,042 [INFO] CADModel:104 - Init CAD model plugin
2023-03-25 12:08:02,043 [INFO] PluginManage:356 - Loaded plugin cadmodel (category:power,tabindex:5)
2023-03-25 12:08:02,044 [INFO] PluginManage:307 - Check plugin clock
2023-03-25 12:08:02,068 [INFO] PluginManage:356 - Loaded plugin clock (category:base,tabindex:2)
2023-03-25 12:08:02,068 [INFO] PluginManage:307 - Check plugin ddr
2023-03-25 12:08:02,071 [INFO] PluginManage:356 - Loaded plugin ddr (category:tool,tabindex:6)
2023-03-25 12:08:02,072 [INFO] PluginManage:307 - Check plugin filemanager
2023-03-25 12:08:02,279 [INFO] PluginManage:356 - Loaded plugin filemanager (category:base,tabindex:10)
2023-03-25 12:08:02,280 [INFO] PluginManage:307 - Check plugin ipmanager
2023-03-25 12:08:02,290 [INFO] PluginManage:356 - Loaded plugin ipmanager (category:base,tabindex:5)
2023-03-25 12:08:02,290 [INFO] PluginManage:307 - Check plugin lpbam
2023-03-25 12:08:02,313 [INFO] PluginManage:356 - Loaded plugin lpbam (category:base,tabindex:0)
2023-03-25 12:08:02,313 [INFO] PluginManage:307 - Check plugin pinoutandconfiguration
2023-03-25 12:08:02,365 [INFO] PluginManage:356 - Loaded plugin pinoutandconfiguration (category:base,tabindex:1)
2023-03-25 12:08:02,366 [INFO] PluginManage:307 - Check plugin pinoutconfig
2023-03-25 12:08:02,425 [INFO] PluginManage:356 - Loaded plugin pinoutconfig (category:base,tabindex:0)
2023-03-25 12:08:02,426 [INFO] PluginManage:307 - Check plugin power
2023-03-25 12:08:02,452 [INFO] PluginManage:356 - Loaded plugin power (category:power,tabindex:4)
2023-03-25 12:08:02,452 [INFO] PluginManage:307 - Check plugin projectmanager
2023-03-25 12:08:02,497 [INFO] PluginManage:356 - Loaded plugin projectmanager (category:projectmanager,tabindex:3)
2023-03-25 12:08:02,497 [INFO] PluginManage:307 - Check plugin thirdparty
2023-03-25 12:08:02,884 [WARN] IntegrityCheckThread:82 - waiting for thirdparty lock release [integrity check]
2023-03-25 12:08:02,884 [INFO] PluginManage:356 - Loaded plugin thirdparty (category:base,tabindex:-1)
2023-03-25 12:08:02,885 [INFO] IntegrityCheckThread:84 - entering critical section [integrity check]
2023-03-25 12:08:02,885 [INFO] PluginManage:307 - Check plugin tools
2023-03-25 12:08:02,889 [INFO] ThirdPartyUpdaterWithRetryManager:70 - Updater plugin not ready yet. [1/15]
2023-03-25 12:08:02,923 [INFO] PluginManage:356 - Loaded plugin tools (category:base,tabindex:7)
2023-03-25 12:08:02,924 [INFO] PluginManage:307 - Check plugin tutovideos
2023-03-25 12:08:03,205 [INFO] PluginManage:356 - Loaded plugin tutovideos (category:base,tabindex:-1)
2023-03-25 12:08:03,206 [INFO] PluginManage:307 - Check plugin updater
2023-03-25 12:08:03,224 [INFO] PluginManage:356 - Loaded plugin updater (category:base,tabindex:12)
2023-03-25 12:08:03,225 [INFO] PluginManage:280 - PluginManage : Loaded plugins [15]
2023-03-25 12:08:03,584 [INFO] PinOutPanel:1477 - setPackage(No Configuration,No Configuration)
2023-03-25 12:08:03,672 [INFO] CADModel:164 - CPN selected for project level
2023-03-25 12:08:03,672 [INFO] CADModel:113 - Register for checkConnection events
2023-03-25 12:08:03,706 [INFO] IPUIPlugin:79 - create IPUIPlugin
2023-03-25 12:08:03,706 [INFO] PluginManager:219 - loadIPPluginJar : add adc
2023-03-25 12:08:03,757 [INFO] IPUIPlugin:79 - create IPUIPlugin
2023-03-25 12:08:03,757 [INFO] PluginManager:219 - loadIPPluginJar : add aes
2023-03-25 12:08:03,805 [INFO] IPUIPlugin:79 - create IPUIPlugin
2023-03-25 12:08:03,806 [INFO] PluginManager:219 - loadIPPluginJar : add can
2023-03-25 12:08:03,832 [INFO] IPUIPlugin:79 - create IPUIPlugin
2023-03-25 12:08:03,832 [INFO] PluginManager:219 - loadIPPluginJar : add comp
2023-03-25 12:08:03,871 [INFO] IPUIPlugin:79 - create IPUIPlugin
2023-03-25 12:08:03,871 [INFO] PluginManager:219 - loadIPPluginJar : add cryp
2023-03-25 12:08:03,905 [INFO] IPUIPlugin:79 - create IPUIPlugin
2023-03-25 12:08:03,905 [INFO] PluginManager:219 - loadIPPluginJar : add dfsdm
2023-03-25 12:08:03,923 [INFO] IPUIPlugin:79 - create IPUIPlugin
2023-03-25 12:08:03,924 [INFO] PluginManager:219 - loadIPPluginJar : add dma
2023-03-25 12:08:03,973 [INFO] IPUIPlugin:79 - create IPUIPlugin
2023-03-25 12:08:03,974 [INFO] PluginManager:219 - loadIPPluginJar : add dma3
2023-03-25 12:08:04,001 [INFO] IPUIPlugin:79 - create IPUIPlugin
2023-03-25 12:08:04,001 [INFO] PluginManager:219 - loadIPPluginJar : add fatfs
2023-03-25 12:08:04,066 [INFO] IPUIPlugin:79 - create IPUIPlugin
2023-03-25 12:08:04,066 [INFO] PluginManager:219 - loadIPPluginJar : add fmc
2023-03-25 12:08:04,086 [INFO] IPUIPlugin:79 - create IPUIPlugin
2023-03-25 12:08:04,087 [INFO] PluginManager:219 - loadIPPluginJar : add freertos
2023-03-25 12:08:04,111 [INFO] IPUIPlugin:79 - create IPUIPlugin
2023-03-25 12:08:04,112 [INFO] PluginManager:219 - loadIPPluginJar : add genericplugin
2023-03-25 12:08:04,225 [INFO] IPUIPlugin:79 - create IPUIPlugin
2023-03-25 12:08:04,225 [INFO] PluginManager:219 - loadIPPluginJar : add gfxmmu
2023-03-25 12:08:04,389 [INFO] IPUIPlugin:79 - create IPUIPlugin
2023-03-25 12:08:04,389 [INFO] PluginManager:219 - loadIPPluginJar : add gic
2023-03-25 12:08:04,405 [INFO] IPUIPlugin:79 - create IPUIPlugin
2023-03-25 12:08:04,406 [INFO] PluginManager:219 - loadIPPluginJar : add gpio
2023-03-25 12:08:04,513 [INFO] IPUIPlugin:79 - create IPUIPlugin
2023-03-25 12:08:04,513 [INFO] PluginManager:219 - loadIPPluginJar : add gtzc
2023-03-25 12:08:04,557 [INFO] IPUIPlugin:79 - create IPUIPlugin
2023-03-25 12:08:04,557 [INFO] PluginManager:219 - loadIPPluginJar : add hash
2023-03-25 12:08:04,616 [INFO] IPUIPlugin:79 - create IPUIPlugin
2023-03-25 12:08:04,616 [INFO] PluginManager:219 - loadIPPluginJar : add i2c
2023-03-25 12:08:04,661 [INFO] IPUIPlugin:79 - create IPUIPlugin
2023-03-25 12:08:04,661 [INFO] PluginManager:219 - loadIPPluginJar : add i2s
2023-03-25 12:08:04,799 [INFO] IPUIPlugin:79 - create IPUIPlugin
2023-03-25 12:08:04,799 [INFO] PluginManager:219 - loadIPPluginJar : add ipddr
2023-03-25 12:08:04,903 [INFO] IPUIPlugin:79 - create IPUIPlugin
2023-03-25 12:08:04,904 [INFO] PluginManager:219 - loadIPPluginJar : add linkedlist
2023-03-25 12:08:04,943 [INFO] IPUIPlugin:79 - create IPUIPlugin
2023-03-25 12:08:04,943 [INFO] PluginManager:219 - loadIPPluginJar : add lorawan
2023-03-25 12:08:04,984 [INFO] IPUIPlugin:79 - create IPUIPlugin
2023-03-25 12:08:04,985 [INFO] PluginManager:219 - loadIPPluginJar : add ltdc
2023-03-25 12:08:05,008 [INFO] IPUIPlugin:79 - create IPUIPlugin
2023-03-25 12:08:05,009 [INFO] PluginManager:219 - loadIPPluginJar : add mdma
2023-03-25 12:08:05,030 [INFO] IPUIPlugin:79 - create IPUIPlugin
2023-03-25 12:08:05,030 [INFO] PluginManager:219 - loadIPPluginJar : add nvic
2023-03-25 12:08:05,072 [INFO] IPUIPlugin:79 - create IPUIPlugin
2023-03-25 12:08:05,073 [INFO] PluginManager:219 - loadIPPluginJar : add opamp
2023-03-25 12:08:05,140 [INFO] IPUIPlugin:79 - create IPUIPlugin
2023-03-25 12:08:05,140 [INFO] PluginManager:219 - loadIPPluginJar : add openamp
2023-03-25 12:08:05,188 [INFO] IPUIPlugin:79 - create IPUIPlugin
2023-03-25 12:08:05,188 [INFO] PluginManager:219 - loadIPPluginJar : add pdm2pcm
2023-03-25 12:08:05,207 [INFO] IPUIPlugin:79 - create IPUIPlugin
2023-03-25 12:08:05,210 [INFO] PluginManager:219 - loadIPPluginJar : add plateformsettings
2023-03-25 12:08:05,235 [INFO] IPUIPlugin:79 - create IPUIPlugin
2023-03-25 12:08:05,236 [INFO] PluginManager:219 - loadIPPluginJar : add quadspi
2023-03-25 12:08:05,256 [INFO] IPUIPlugin:79 - create IPUIPlugin
2023-03-25 12:08:05,257 [INFO] PluginManager:219 - loadIPPluginJar : add resmgrutility
2023-03-25 12:08:05,330 [INFO] IPUIPlugin:79 - create IPUIPlugin
2023-03-25 12:08:05,330 [INFO] PluginManager:219 - loadIPPluginJar : add sai
2023-03-25 12:08:05,377 [INFO] IPUIPlugin:79 - create IPUIPlugin
2023-03-25 12:08:05,378 [INFO] PluginManager:219 - loadIPPluginJar : add spi
2023-03-25 12:08:05,439 [INFO] IPUIPlugin:79 - create IPUIPlugin
2023-03-25 12:08:05,439 [INFO] PluginManager:219 - loadIPPluginJar : add stm32_wpan
2023-03-25 12:08:05,466 [INFO] IPUIPlugin:79 - create IPUIPlugin
2023-03-25 12:08:05,466 [INFO] PluginManager:219 - loadIPPluginJar : add tim
2023-03-25 12:08:05,544 [INFO] IPUIPlugin:79 - create IPUIPlugin
2023-03-25 12:08:05,544 [INFO] PluginManager:219 - loadIPPluginJar : add touchsensing
2023-03-25 12:08:05,572 [INFO] IPUIPlugin:79 - create IPUIPlugin
2023-03-25 12:08:05,572 [INFO] PluginManager:219 - loadIPPluginJar : add tracer_emb
2023-03-25 12:08:05,599 [INFO] IPUIPlugin:79 - create IPUIPlugin
2023-03-25 12:08:05,599 [INFO] PluginManager:219 - loadIPPluginJar : add ts
2023-03-25 12:08:05,624 [INFO] IPUIPlugin:79 - create IPUIPlugin
2023-03-25 12:08:05,624 [INFO] PluginManager:219 - loadIPPluginJar : add tsc
2023-03-25 12:08:05,649 [INFO] IPUIPlugin:79 - create IPUIPlugin
2023-03-25 12:08:05,650 [INFO] PluginManager:219 - loadIPPluginJar : add ucpd
2023-03-25 12:08:05,700 [INFO] IPUIPlugin:79 - create IPUIPlugin
2023-03-25 12:08:05,700 [INFO] PluginManager:219 - loadIPPluginJar : add usart
2023-03-25 12:08:05,753 [INFO] IPUIPlugin:79 - create IPUIPlugin
2023-03-25 12:08:05,753 [INFO] PluginManager:219 - loadIPPluginJar : add usbx
2023-03-25 12:08:05,904 [INFO] ThirdPartyUpdaterWithRetryManager:70 - Updater plugin not ready yet. [2/15]
2023-03-25 12:08:05,913 [INFO] CADModel:164 - CPN selected for project level
2023-03-25 12:08:05,914 [INFO] CADModel:113 - Register for checkConnection events
2023-03-25 12:08:05,914 [FATAL] Updater:308 - Updater called before beeing initialized
2023-03-25 12:08:05,915 [ERROR] CADModel:124 - Updater not yet initialized, retry later 
2023-03-25 12:08:06,097 [INFO] CADModel:164 - CPN selected for project level
2023-03-25 12:08:06,097 [INFO] CADModel:113 - Register for checkConnection events
2023-03-25 12:08:06,098 [FATAL] Updater:308 - Updater called before beeing initialized
2023-03-25 12:08:06,098 [ERROR] CADModel:124 - Updater not yet initialized, retry later 
2023-03-25 12:08:06,102 [FATAL] Updater:308 - Updater called before beeing initialized
2023-03-25 12:08:06,243 [FATAL] Updater:308 - Updater called before beeing initialized
2023-03-25 12:08:06,269 [INFO] DbMcusAds:52 - JSON generation date=Tue Feb 21 16:58:20 EET 2023 (1676991500156)
2023-03-25 12:08:06,270 [FATAL] Updater:308 - Updater called before beeing initialized
2023-03-25 12:08:06,367 [WARN] DetailPanel:344 - Failed to get advertising image, set to default
2023-03-25 12:08:06,548 [FATAL] Updater:308 - Updater called before beeing initialized
2023-03-25 12:08:06,550 [FATAL] Updater:308 - Updater called before beeing initialized
2023-03-25 12:08:06,551 [FATAL] Updater:308 - Updater called before beeing initialized
2023-03-25 12:08:06,551 [WARN] DetailPanel:344 - Failed to get advertising image, set to default
2023-03-25 12:08:06,552 [FATAL] Updater:308 - Updater called before beeing initialized
2023-03-25 12:08:06,628 [ERROR] Updater:1120 - MainUpdater not yet initialized. External WinMGr cannot be set.
2023-03-25 12:08:06,640 [INFO] Updater:1056 - Updater Version found : 6.7.0
2023-03-25 12:08:06,662 [INFO] ApplicationProperties:181 - Using Application install path: C:\PROGRAMM\STM32CubeIDE_1.11.2\STM32CubeIDE\plugins\com.st.stm32cube.common.mx_6.7.0.202301130839
2023-03-25 12:08:06,925 [INFO] MainUpdater:2800 - connection check result : 10
2023-03-25 12:08:06,926 [INFO] MainUpdater:3494 - Updater definition file requires update
2023-03-25 12:08:06,927 [INFO] MainUpdater:282 - Updater Check For Update Now.
2023-03-25 12:08:06,929 [INFO] MicroXplorer:481 - Change Database Version : DB.6.0.70
2023-03-25 12:08:07,026 [INFO] ServerAccessManage:474 - Download File updaters.zip
2023-03-25 12:08:07,116 [INFO] FileExtend:239 - Unzip File : updaters.zip
2023-03-25 12:08:07,117 [INFO] FileExtend:254 - Standard Zip Deflate
2023-03-25 12:08:07,918 [INFO] ServerAccessManage:474 - Download File PacksControlFlags.xml
2023-03-25 12:08:08,039 [INFO] ServerAccessManage:474 - Download File cubemx.pidx
2023-03-25 12:08:08,826 [INFO] ServerAccessManage:474 - Download File STMicroelectronics.X-CUBE-FREERTOS.pdsc
2023-03-25 12:08:08,908 [WARN] MainUpdater:1186 - Updater busy. Cannot search thirdparties
2023-03-25 12:08:08,909 [INFO] ThirdPartyUpdaterWithRetryManager:96 - Updater plugin is busy. [1/15]
2023-03-25 12:08:09,382 [INFO] ServerAccessManage:474 - Download File STMicroelectronics.X-CUBE-TOF1.pdsc
2023-03-25 12:08:09,759 [ERROR] ServerAccessManage:1090 - Problem, file not found on Server
2023-03-25 12:08:09,857 [INFO] ServerAccessManage:474 - Download File STMicroelectronics.X-CUBE-TOUCHGFX.pdsc
2023-03-25 12:08:10,029 [ERROR] ServerAccessManage:1090 - Problem, file not found on Server
2023-03-25 12:08:11,313 [ERROR] LogOutputStream:74 - [STDERR_REDIRECT] SLF4J: Failed to load class "org.slf4j.impl.StaticLoggerBinder".
2023-03-25 12:08:11,314 [ERROR] LogOutputStream:74 - [STDERR_REDIRECT] SLF4J: Defaulting to no-operation (NOP) logger implementation
2023-03-25 12:08:11,317 [ERROR] LogOutputStream:74 - [STDERR_REDIRECT] SLF4J: See http://www.slf4j.org/codes.html#StaticLoggerBinder for further details.
2023-03-25 12:08:11,919 [WARN] MainUpdater:1186 - Updater busy. Cannot search thirdparties
2023-03-25 12:08:11,919 [INFO] ThirdPartyUpdaterWithRetryManager:96 - Updater plugin is busy. [2/15]
2023-03-25 12:08:11,993 [INFO] ServerAccessManage:474 - Download File WES.I-CUBE-Cesium.pdsc
2023-03-25 12:08:14,041 [ERROR] ServerAccessManage:1090 - Problem, file not found on Server
2023-03-25 12:08:14,770 [ERROR] ServerAccessManage:1090 - Problem, file not found on Server
2023-03-25 12:08:14,923 [WARN] PackLoader:242 - Cannot read IP mode file for STMicroelectronics.X-CUBE-FREERTOS.1.0.0
2023-03-25 12:08:14,934 [WARN] MainUpdater:1186 - Updater busy. Cannot search thirdparties
2023-03-25 12:08:14,934 [INFO] ThirdPartyUpdaterWithRetryManager:96 - Updater plugin is busy. [3/15]
2023-03-25 12:08:14,966 [WARN] PackLoader:242 - Cannot read IP mode file for STMicroelectronics.X-CUBE-TOF1.3.3.0
2023-03-25 12:08:15,002 [WARN] PackLoader:242 - Cannot read IP mode file for STMicroelectronics.X-CUBE-TOUCHGFX.4.21.3
2023-03-25 12:08:15,019 [WARN] PackLoader:242 - Cannot read IP mode file for WES.I-CUBE-Cesium.1.3.0
2023-03-25 12:08:15,020 [INFO] PopulateThirdPartyThread:64 - Ending populate Thread
2023-03-25 12:08:15,024 [INFO] ThirdParty:999 - CMSIS Pack Vendor :STMicroelectronics X-CUBE-FREERTOS 1.0.0
2023-03-25 12:08:15,025 [INFO] ThirdParty:999 - CMSIS Pack Vendor :WES I-CUBE-Cesium 1.3.0
2023-03-25 12:08:15,025 [INFO] ThirdParty:999 - CMSIS Pack Vendor :STMicroelectronics X-CUBE-TOUCHGFX 4.21.3
2023-03-25 12:08:15,025 [INFO] ThirdParty:999 - CMSIS Pack Vendor :STMicroelectronics X-CUBE-TOF1 3.3.0
2023-03-25 12:08:15,026 [INFO] LoadServerUpdatesThread:367 - End of LoadServerUpdate Thread
2023-03-25 12:08:15,069 [INFO] CheckServerUpdateThread:119 - End of CheckServer Thread
2023-03-25 12:08:15,183 [INFO] MainUpdater:2800 - connection check result : 10
2023-03-25 12:08:15,208 [INFO] McuFinderGlobals:65 - Set McuFinderConnectedMode to true
2023-03-25 12:08:15,424 [INFO] ServerAccessManage:474 - Download File mcusAds.json._tmp_
2023-03-25 12:08:15,549 [INFO] LoadUrlFilesThread:150 - End of LoadUrlFiles Thread
2023-03-25 12:08:15,707 [INFO] ServerAccessManage:474 - Download File cube-finder-db.zip
2023-03-25 12:08:17,240 [INFO] FileExtend:239 - Unzip File : cube-finder-db.zip
2023-03-25 12:08:17,240 [INFO] FileExtend:254 - Standard Zip Deflate
2023-03-25 12:08:17,949 [WARN] MainUpdater:1186 - Updater busy. Cannot search thirdparties
2023-03-25 12:08:17,949 [INFO] ThirdPartyUpdaterWithRetryManager:96 - Updater plugin is busy. [4/15]
2023-03-25 12:08:18,458 [INFO] LoadUrlFilesThread:150 - End of LoadUrlFiles Thread
2023-03-25 12:08:18,691 [INFO] ServerAccessManage:474 - Download File crdb.zip
2023-03-25 12:08:19,113 [INFO] FileExtend:239 - Unzip File : crdb.zip
2023-03-25 12:08:19,114 [INFO] FileExtend:254 - Standard Zip Deflate
2023-03-25 12:08:19,301 [INFO] LoadUrlFilesThread:150 - End of LoadUrlFiles Thread
2023-03-25 12:08:19,389 [INFO] ServerAccessManage:474 - Download File tutoVideoDB.zip
2023-03-25 12:08:19,398 [INFO] FileExtend:239 - Unzip File : tutoVideoDB.zip
2023-03-25 12:08:19,399 [INFO] FileExtend:254 - Standard Zip Deflate
2023-03-25 12:08:19,538 [INFO] LoadUrlFilesThread:150 - End of LoadUrlFiles Thread
2023-03-25 12:08:19,551 [INFO] JxBrowserEngine:114 - Initiate JxBrowser Engine with user profile folder
2023-03-25 12:08:21,253 [WARN] PackLoader:242 - Cannot read IP mode file for STMicroelectronics.X-CUBE-GNSS1.6.0.0
2023-03-25 12:08:21,382 [WARN] PackLoader:242 - Cannot read IP mode file for STMicroelectronics.X-CUBE-AZRTOS-F4.1.1.0
2023-03-25 12:08:21,505 [WARN] PackLoader:242 - Cannot read IP mode file for STMicroelectronics.X-CUBE-AZRTOS-F7.1.1.0
2023-03-25 12:08:21,544 [WARN] PackLoader:242 - Cannot read IP mode file for STMicroelectronics.X-CUBE-BLE1.6.2.4
2023-03-25 12:08:21,598 [WARN] PackLoader:242 - Cannot read IP mode file for emotas.I-CUBE-CANOPEN.1.1.3
2023-03-25 12:08:21,667 [WARN] PackLoader:242 - Cannot read IP mode file for STMicroelectronics.X-CUBE-BLEMGR.2.0.0
2023-03-25 12:08:21,723 [WARN] PackLoader:242 - Cannot read IP mode file for STMicroelectronics.X-CUBE-DISPLAY.3.0.0
2023-03-25 12:08:21,866 [WARN] PackLoader:242 - Cannot read IP mode file for wolfSSL.I-CUBE-wolfSSL.5.5.4
2023-03-25 12:08:21,889 [WARN] PackLoader:242 - Cannot read IP mode file for STMicroelectronics.X-CUBE-NFC7.1.0.0
2023-03-25 12:08:21,915 [WARN] PackLoader:242 - Cannot read IP mode file for STMicroelectronics.X-CUBE-EEPRMA1.4.1.0
2023-03-25 12:08:21,930 [WARN] PackLoader:242 - Cannot read IP mode file for WES.I-CUBE-Cesium.1.3.0
2023-03-25 12:08:21,954 [WARN] PackLoader:242 - Cannot read IP mode file for STMicroelectronics.X-CUBE-SFXS2LP1.4.0.0
2023-03-25 12:08:21,975 [WARN] PackLoader:242 - Cannot read IP mode file for STMicroelectronics.X-CUBE-BLE2.3.3.0
2023-03-25 12:08:22,015 [WARN] PackLoader:242 - Cannot read IP mode file for STMicroelectronics.X-CUBE-TOF1.3.2.0
2023-03-25 12:08:22,084 [WARN] PackLoader:242 - Cannot read IP mode file for STMicroelectronics.X-CUBE-AZRTOS-H7.3.0.0
2023-03-25 12:08:22,110 [WARN] PackLoader:242 - Cannot read IP mode file for STMicroelectronics.X-CUBE-ISPU.1.1.0
2023-03-25 12:08:22,140 [WARN] PackLoader:242 - Cannot read IP mode file for RoweBots.I-CUBE-UNISONRTOS.5.5.0-4
2023-03-25 12:08:22,162 [WARN] PackLoader:242 - Cannot read IP mode file for STMicroelectronics.X-CUBE-AI.8.0.0
2023-03-25 12:08:22,201 [WARN] PackLoader:242 - Cannot read IP mode file for STMicroelectronics.X-CUBE-FREERTOS.1.0.0
2023-03-25 12:08:22,220 [WARN] PackLoader:242 - Cannot read IP mode file for STMicroelectronics.X-CUBE-TOUCHGFX.4.21.1
2023-03-25 12:08:22,223 [WARN] PackLoader:242 - Cannot read IP mode file for STMicroelectronics.X-CUBE-TOUCHGFX.4.21.3
2023-03-25 12:08:22,241 [WARN] PackLoader:242 - Cannot read IP mode file for STMicroelectronics.X-CUBE-ALGOBUILD.1.3.0
2023-03-25 12:08:22,273 [WARN] PackLoader:242 - Cannot read IP mode file for STMicroelectronics.X-CUBE-AZRTOS-L5.1.1.0
2023-03-25 12:08:22,321 [WARN] PackLoader:242 - Cannot read IP mode file for STMicroelectronics.X-CUBE-AZRTOS-G0.1.1.0
2023-03-25 12:08:22,352 [WARN] PackLoader:242 - Cannot read IP mode file for STMicroelectronics.X-CUBE-SUBG2.5.0.0
2023-03-25 12:08:22,376 [WARN] PackLoader:242 - Cannot read IP mode file for STMicroelectronics.X-CUBE-NFC4.3.0.0
2023-03-25 12:08:22,394 [WARN] PackLoader:242 - Cannot read IP mode file for STMicroelectronics.X-CUBE-TOF1.3.3.0
2023-03-25 12:08:22,435 [WARN] PackLoader:242 - Cannot read IP mode file for STMicroelectronics.FP-ATR-ASTRA1.1.1.1
2023-03-25 12:08:22,468 [WARN] PackLoader:242 - Cannot read IP mode file for STMicroelectronics.X-CUBE-AZRTOS-G4.1.0.0
2023-03-25 12:08:22,477 [WARN] PackLoader:242 - Cannot read IP mode file for STMicroelectronics.FP-ATR-SIGFOX1.3.2.0
2023-03-25 12:08:22,520 [WARN] PackLoader:242 - Cannot read IP mode file for STMicroelectronics.X-CUBE-AZRTOS-L4.1.0.0
2023-03-25 12:08:22,555 [WARN] PackLoader:242 - Cannot read IP mode file for STMicroelectronics.X-CUBE-AZRTOS-WL.1.0.0
2023-03-25 12:08:22,580 [WARN] PackLoader:242 - Cannot read IP mode file for portGmbH.I-Cube-SoM-uGOAL.1.1.0
2023-03-25 12:08:22,595 [WARN] PackLoader:242 - Cannot read IP mode file for STMicroelectronics.X-CUBE-ALS.1.0.1
2023-03-25 12:08:22,751 [WARN] PackLoader:242 - Cannot read IP mode file for STMicroelectronics.X-CUBE-MEMS1.9.5.0
2023-03-25 12:08:23,082 [WARN] PackLoader:242 - Cannot read IP mode file for STMicroelectronics.X-CUBE-AZRTOS-WB.1.1.0
2023-03-25 12:08:23,146 [WARN] PackLoader:242 - Cannot read IP mode file for SEGGER.I-CUBE-embOS.1.3.1
2023-03-25 12:08:23,243 [INFO] ThirdParty:947 - Integrity check success = true
2023-03-25 12:08:23,243 [INFO] IntegrityCheckThread:98 - exiting critical section [integrity check]
2023-03-25 12:08:23,243 [INFO] IntegrityCheckThread:101 - End integrity checks thread
2023-03-25 12:08:25,460 [WARN] DbFile:40 - Overriding database path with different value: C:\Users\sdvs1\.stmcufinder\plugins\mcufinder/ => C:\Users\sdvs1\.stmcufinder\plugins\mcufinder
2023-03-25 12:08:25,719 [INFO] ServerAccessManage:474 - Download File api_config.json
2023-03-25 12:08:25,839 [INFO] LoadUrlFilesThread:150 - End of LoadUrlFiles Thread
2023-03-25 12:08:25,842 [INFO] DbMcusAds:52 - JSON generation date=Tue Mar 07 10:50:55 EET 2023 (1678179055114)
2023-03-25 12:08:25,945 [INFO] ServerAccessManage:474 - Download File 
2023-03-25 12:08:25,972 [INFO] LoadUrlFilesThread:179 - End of LoadServerUrlFiles without Thread
2023-03-25 12:08:25,973 [INFO] TargetSelectorAdapter:258 - Refresh data is successful
2023-03-25 12:08:26,163 [INFO] ApiDb:580 - Connected to CubeFinder SQLite database (C:\Users\sdvs1\.stmcufinder\plugins\mcufinder\mcu\cube-finder-db.db)
2023-03-25 12:08:26,287 [INFO] ApiDb:667 - CubeFinder database Data Model version=2.1
2023-03-25 12:08:26,288 [INFO] ApiDb:668 - CubeFinder database Configuration version=3.0.35
2023-03-25 12:08:26,288 [INFO] ApiDb:669 - CubeFinder database generation date=2023-03-10 (1678456172)
2023-03-25 12:08:26,288 [INFO] ApiDb:670 - CubeFinder database FW Pack versions=[FP-ATR-ASTRA1_V1.1.1, STM32Cube_FW_C0_V1.0.1, STM32Cube_FW_F0_V1.11.4, STM32Cube_FW_F3_V1.11.4, STM32Cube_FW_F4_V1.27.1, STM32Cube_FW_F7_V1.17.0, STM32Cube_FW_G0_V1.6.1, STM32Cube_FW_G4_V1.5.1, STM32Cube_FW_H5_V0.5.1, STM32Cube_FW_H5_V1.0.0, STM32Cube_FW_H7_V1.11.0, STM32Cube_FW_L0_V1.12.2, STM32Cube_FW_L5_V1.5.0, STM32Cube_FW_U5_V1.2.0, STM32Cube_FW_WBA_V1.0.0, STM32Cube_FW_WBA_V1.0.0RC1, STM32Cube_FW_WBA_V1.0.0RC3, STM32Cube_FW_WB_V1.15.0RC1, STM32Cube_FW_WB_V1.16.0, STM32Cube_FW_WB_V1.16.0RC2, STM32Cube_FW_WL_V1.3.0, X-CUBE-ALGOBUILD_V1.3.0, X-CUBE-ALS_V1.0.1, X-CUBE-AZRTOS-F4_V1.1.0, X-CUBE-AZRTOS-F7_V1.1.0, X-CUBE-AZRTOS-G0_V1.1.0, X-CUBE-AZRTOS-G4_V1.0.0, X-CUBE-AZRTOS-H7_V3.0.0, X-CUBE-AZRTOS-L4_V1.0.0, X-CUBE-AZRTOS-L5_V1.1.0, X-CUBE-AZRTOS-WB_V1.1.0, X-CUBE-AZRTOS-WL_V1.0.0, X-CUBE-BLE1_V6.2.4, X-CUBE-BLE2_V3.3.0, X-CUBE-BLEMGR_V1.3.0, X-CUBE-EEPRMA1_V4.1.0, X-CUBE-GNSS1_V6.0.0, X-CUBE-MEMS1_V9.1.0, X-CUBE-MEMS1_V9.4.0, X-CUBE-MEMS1_V9.5.0, X-CUBE-NFC4_V3.0.0, X-CUBE-NFC7_V1.0.0, X-CUBE-SFXS2LP1_V4.0.0, X-CUBE-SUBG2_V5.0.0]
2023-03-25 12:08:29,581 [INFO] ApiDb:239 - Found 143 in-development CPN: [B-WB1M-WPAN1, B-WL5M-SUBG1, NUCLEO-C031C6, STEVAL-PROTEUS1, STEVAL-STWINBX1, STM320518-EVAL, STM32C0116-DK, STM32C011D6Y3TR, STM32C011D6Y6TR, STM32C011F4P3, STM32C011F4P6, STM32C011F4U3, STM32C011F4U6TR, STM32C011F6P3, STM32C011F6P6, STM32C011F6U3, STM32C011F6U6TR, STM32C011J4M3, STM32C011J4M6, STM32C011J6M3, STM32C011J6M6, STM32C0316-DK, STM32C031C4T3, STM32C031C4T6, STM32C031C4U3, STM32C031C4U6, STM32C031C6T3, STM32C031C6T6, STM32C031C6U3, STM32C031C6U6, STM32C031F4P3, STM32C031F4P6, STM32C031F6P3, STM32C031F6P6, STM32C031G4U3, STM32C031G4U6, STM32C031G6U3, STM32C031G6U6, STM32C031K4T3, STM32C031K4T6, STM32C031K4U3, STM32C031K4U6, STM32C031K6T3, STM32C031K6T6, STM32C031K6U3, STM32C031K6U6, STM32G071K8TXN, STM32G071K8UXN, STM32G081GBU6N, STM32G081KBT6N, STM32G081KBUXN, STM32G0B1CCT6N, STM32G0B1KCT6, STM32G0B1NEY6TR, STM32G0B1RCT6N, STM32G0C1CCT6, STM32G0C1CCT6N, STM32G0C1CCU6N, STM32G0C1CET6N, STM32G0C1CEU6N, STM32G0C1KCT6, STM32G0C1NEY6TR, STM32G0C1RCI6N, STM32G0C1RCT6N, STM32G0C1REI6N, STM32G0C1RET6N, STM32G0C1VCI6, STM32G0C1VEI6, STM32G471CCT6, STM32G471CCU6, STM32G471CET3, STM32G471CET6, STM32G471CEU3, STM32G471CEU6, STM32G471MCT6, STM32G471MET3, STM32G471MET6, STM32G471MEY6TR, STM32G471QCT6, STM32G471QET3, STM32G471RCT6, STM32G471RET3, STM32G471RET6, STM32G471VCH6, STM32G471VCI6, STM32G471VCT6, STM32G471VEH3, STM32G471VEH6, STM32G471VEI3, STM32G471VEI6, STM32G471VET3, STM32G471VET6, STM32G474CCT6, STM32L476VGY6PTR, STM32L4R5QGI6STR, STM32MP131AAE3, STM32MP131AAF3, STM32MP131AAG3, STM32MP131CAE3, STM32MP131CAF3, STM32MP131CAG3, STM32MP131DAE7, STM32MP131DAF7, STM32MP131DAG7, STM32MP131FAE7, STM32MP131FAF7, STM32MP131FAG7, STM32MP133AAE3, STM32MP133AAF3, STM32MP133AAG3, STM32MP133CAE3, STM32MP133CAF3, STM32MP133CAG3, STM32MP133DAE7, STM32MP133DAF7, STM32MP133DAG7, STM32MP133FAE7, STM32MP133FAF7, STM32MP133FAG7, STM32MP135AAE3, STM32MP135AAF3, STM32MP135AAG3, STM32MP135CAE3, STM32MP135CAF3, STM32MP135CAG3, STM32MP135DAE7, STM32MP135DAF7, STM32MP135DAG7, STM32MP135F-DK, STM32MP135FAE7, STM32MP135FAF7, STM32MP135FAF7T, STM32MP135FAF7U, STM32MP135FAG7, STM32U595ZJT6Q, STM32U599BJY6QTR, STM32U599NIH6Q, STM32U599NJH6Q, STM32U5A5ZJT6Q, STM32U5A9BJY6QTR, STM32U5A9NJH6Q, STM32WB1MMCH6, STM32WL5MOCH6TR]
2023-03-25 12:08:29,589 [INFO] DbMcus:215 - Found 3680 MCUs, 3680 are supported
2023-03-25 12:08:29,590 [INFO] ApiDb:413 - User favorites file not found: C:\Users\sdvs1/.stm32cubeide/favorites.mcus.txt
2023-03-25 12:08:29,591 [INFO] DbMcus:221 - Set 0 / 0 favorites MCUs
2023-03-25 12:08:30,187 [INFO] ApiDb:667 - CubeFinder database Data Model version=2.1
2023-03-25 12:08:30,187 [INFO] ApiDb:668 - CubeFinder database Configuration version=3.0.35
2023-03-25 12:08:30,187 [INFO] ApiDb:669 - CubeFinder database generation date=2023-03-10 (1678456172)
2023-03-25 12:08:30,187 [INFO] ApiDb:670 - CubeFinder database FW Pack versions=[FP-ATR-ASTRA1_V1.1.1, STM32Cube_FW_C0_V1.0.1, STM32Cube_FW_F0_V1.11.4, STM32Cube_FW_F3_V1.11.4, STM32Cube_FW_F4_V1.27.1, STM32Cube_FW_F7_V1.17.0, STM32Cube_FW_G0_V1.6.1, STM32Cube_FW_G4_V1.5.1, STM32Cube_FW_H5_V0.5.1, STM32Cube_FW_H5_V1.0.0, STM32Cube_FW_H7_V1.11.0, STM32Cube_FW_L0_V1.12.2, STM32Cube_FW_L5_V1.5.0, STM32Cube_FW_U5_V1.2.0, STM32Cube_FW_WBA_V1.0.0, STM32Cube_FW_WBA_V1.0.0RC1, STM32Cube_FW_WBA_V1.0.0RC3, STM32Cube_FW_WB_V1.15.0RC1, STM32Cube_FW_WB_V1.16.0, STM32Cube_FW_WB_V1.16.0RC2, STM32Cube_FW_WL_V1.3.0, X-CUBE-ALGOBUILD_V1.3.0, X-CUBE-ALS_V1.0.1, X-CUBE-AZRTOS-F4_V1.1.0, X-CUBE-AZRTOS-F7_V1.1.0, X-CUBE-AZRTOS-G0_V1.1.0, X-CUBE-AZRTOS-G4_V1.0.0, X-CUBE-AZRTOS-H7_V3.0.0, X-CUBE-AZRTOS-L4_V1.0.0, X-CUBE-AZRTOS-L5_V1.1.0, X-CUBE-AZRTOS-WB_V1.1.0, X-CUBE-AZRTOS-WL_V1.0.0, X-CUBE-BLE1_V6.2.4, X-CUBE-BLE2_V3.3.0, X-CUBE-BLEMGR_V1.3.0, X-CUBE-EEPRMA1_V4.1.0, X-CUBE-GNSS1_V6.0.0, X-CUBE-MEMS1_V9.1.0, X-CUBE-MEMS1_V9.4.0, X-CUBE-MEMS1_V9.5.0, X-CUBE-NFC4_V3.0.0, X-CUBE-NFC7_V1.0.0, X-CUBE-SFXS2LP1_V4.0.0, X-CUBE-SUBG2_V5.0.0]
2023-03-25 12:08:30,290 [INFO] DbBoardsSqlite:225 - include board P-NUCLEO-WB55-NUCLEO as a kit item of type 'Nucleo-64'
2023-03-25 12:08:30,291 [INFO] DbBoardsSqlite:225 - include board P-NUCLEO-WB55-USBDONGLE as a kit item of type 'Nucleo USB Dongle'
2023-03-25 12:08:30,291 [INFO] DbBoardsSqlite:225 - include board STEVAL-IDP005V1 as a kit item of type 'Evaluation Board'
2023-03-25 12:08:30,291 [INFO] DbBoardsSqlite:225 - include board STEVAL-IDP005V2 as a kit item of type 'Evaluation Board'
2023-03-25 12:08:30,373 [INFO] ApiDb:239 - Found 143 in-development CPN: [B-WB1M-WPAN1, B-WL5M-SUBG1, NUCLEO-C031C6, STEVAL-PROTEUS1, STEVAL-STWINBX1, STM320518-EVAL, STM32C0116-DK, STM32C011D6Y3TR, STM32C011D6Y6TR, STM32C011F4P3, STM32C011F4P6, STM32C011F4U3, STM32C011F4U6TR, STM32C011F6P3, STM32C011F6P6, STM32C011F6U3, STM32C011F6U6TR, STM32C011J4M3, STM32C011J4M6, STM32C011J6M3, STM32C011J6M6, STM32C0316-DK, STM32C031C4T3, STM32C031C4T6, STM32C031C4U3, STM32C031C4U6, STM32C031C6T3, STM32C031C6T6, STM32C031C6U3, STM32C031C6U6, STM32C031F4P3, STM32C031F4P6, STM32C031F6P3, STM32C031F6P6, STM32C031G4U3, STM32C031G4U6, STM32C031G6U3, STM32C031G6U6, STM32C031K4T3, STM32C031K4T6, STM32C031K4U3, STM32C031K4U6, STM32C031K6T3, STM32C031K6T6, STM32C031K6U3, STM32C031K6U6, STM32G071K8TXN, STM32G071K8UXN, STM32G081GBU6N, STM32G081KBT6N, STM32G081KBUXN, STM32G0B1CCT6N, STM32G0B1KCT6, STM32G0B1NEY6TR, STM32G0B1RCT6N, STM32G0C1CCT6, STM32G0C1CCT6N, STM32G0C1CCU6N, STM32G0C1CET6N, STM32G0C1CEU6N, STM32G0C1KCT6, STM32G0C1NEY6TR, STM32G0C1RCI6N, STM32G0C1RCT6N, STM32G0C1REI6N, STM32G0C1RET6N, STM32G0C1VCI6, STM32G0C1VEI6, STM32G471CCT6, STM32G471CCU6, STM32G471CET3, STM32G471CET6, STM32G471CEU3, STM32G471CEU6, STM32G471MCT6, STM32G471MET3, STM32G471MET6, STM32G471MEY6TR, STM32G471QCT6, STM32G471QET3, STM32G471RCT6, STM32G471RET3, STM32G471RET6, STM32G471VCH6, STM32G471VCI6, STM32G471VCT6, STM32G471VEH3, STM32G471VEH6, STM32G471VEI3, STM32G471VEI6, STM32G471VET3, STM32G471VET6, STM32G474CCT6, STM32L476VGY6PTR, STM32L4R5QGI6STR, STM32MP131AAE3, STM32MP131AAF3, STM32MP131AAG3, STM32MP131CAE3, STM32MP131CAF3, STM32MP131CAG3, STM32MP131DAE7, STM32MP131DAF7, STM32MP131DAG7, STM32MP131FAE7, STM32MP131FAF7, STM32MP131FAG7, STM32MP133AAE3, STM32MP133AAF3, STM32MP133AAG3, STM32MP133CAE3, STM32MP133CAF3, STM32MP133CAG3, STM32MP133DAE7, STM32MP133DAF7, STM32MP133DAG7, STM32MP133FAE7, STM32MP133FAF7, STM32MP133FAG7, STM32MP135AAE3, STM32MP135AAF3, STM32MP135AAG3, STM32MP135CAE3, STM32MP135CAF3, STM32MP135CAG3, STM32MP135DAE7, STM32MP135DAF7, STM32MP135DAG7, STM32MP135F-DK, STM32MP135FAE7, STM32MP135FAF7, STM32MP135FAF7T, STM32MP135FAF7U, STM32MP135FAG7, STM32U595ZJT6Q, STM32U599BJY6QTR, STM32U599NIH6Q, STM32U599NJH6Q, STM32U5A5ZJT6Q, STM32U5A9BJY6QTR, STM32U5A9NJH6Q, STM32WB1MMCH6, STM32WL5MOCH6TR]
2023-03-25 12:08:30,596 [INFO] BoardInfo:879 - No configuration file found for board P-NUCLEO-WB55
2023-03-25 12:08:30,596 [INFO] DbBoards:156 - Kit is not supported: P-NUCLEO-WB55
2023-03-25 12:08:30,603 [INFO] BoardInfo:879 - No configuration file found for board STEVAL-BFA001V1B
2023-03-25 12:08:30,603 [INFO] DbBoards:156 - Kit is not supported: STEVAL-BFA001V1B
2023-03-25 12:08:30,605 [INFO] BoardInfo:879 - No configuration file found for board STEVAL-BFA001V2B
2023-03-25 12:08:30,605 [INFO] DbBoards:156 - Kit is not supported: STEVAL-BFA001V2B
2023-03-25 12:08:30,824 [INFO] DbBoards:160 - Found 179 boards, 176 are supported
2023-03-25 12:08:30,831 [INFO] ApiDb:413 - User favorites file not found: C:\Users\sdvs1/.stm32cubeide/favorites.boards.txt
2023-03-25 12:08:30,832 [INFO] DbBoards:189 - Set 0 / 0 favorites Boards
2023-03-25 12:08:30,836 [INFO] ApiDb:667 - CubeFinder database Data Model version=2.1
2023-03-25 12:08:30,836 [INFO] ApiDb:668 - CubeFinder database Configuration version=3.0.35
2023-03-25 12:08:30,836 [INFO] ApiDb:669 - CubeFinder database generation date=2023-03-10 (1678456172)
2023-03-25 12:08:30,836 [INFO] ApiDb:670 - CubeFinder database FW Pack versions=[FP-ATR-ASTRA1_V1.1.1, STM32Cube_FW_C0_V1.0.1, STM32Cube_FW_F0_V1.11.4, STM32Cube_FW_F3_V1.11.4, STM32Cube_FW_F4_V1.27.1, STM32Cube_FW_F7_V1.17.0, STM32Cube_FW_G0_V1.6.1, STM32Cube_FW_G4_V1.5.1, STM32Cube_FW_H5_V0.5.1, STM32Cube_FW_H5_V1.0.0, STM32Cube_FW_H7_V1.11.0, STM32Cube_FW_L0_V1.12.2, STM32Cube_FW_L5_V1.5.0, STM32Cube_FW_U5_V1.2.0, STM32Cube_FW_WBA_V1.0.0, STM32Cube_FW_WBA_V1.0.0RC1, STM32Cube_FW_WBA_V1.0.0RC3, STM32Cube_FW_WB_V1.15.0RC1, STM32Cube_FW_WB_V1.16.0, STM32Cube_FW_WB_V1.16.0RC2, STM32Cube_FW_WL_V1.3.0, X-CUBE-ALGOBUILD_V1.3.0, X-CUBE-ALS_V1.0.1, X-CUBE-AZRTOS-F4_V1.1.0, X-CUBE-AZRTOS-F7_V1.1.0, X-CUBE-AZRTOS-G0_V1.1.0, X-CUBE-AZRTOS-G4_V1.0.0, X-CUBE-AZRTOS-H7_V3.0.0, X-CUBE-AZRTOS-L4_V1.0.0, X-CUBE-AZRTOS-L5_V1.1.0, X-CUBE-AZRTOS-WB_V1.1.0, X-CUBE-AZRTOS-WL_V1.0.0, X-CUBE-BLE1_V6.2.4, X-CUBE-BLE2_V3.3.0, X-CUBE-BLEMGR_V1.3.0, X-CUBE-EEPRMA1_V4.1.0, X-CUBE-GNSS1_V6.0.0, X-CUBE-MEMS1_V9.1.0, X-CUBE-MEMS1_V9.4.0, X-CUBE-MEMS1_V9.5.0, X-CUBE-NFC4_V3.0.0, X-CUBE-NFC7_V1.0.0, X-CUBE-SFXS2LP1_V4.0.0, X-CUBE-SUBG2_V5.0.0]
2023-03-25 12:08:32,329 [INFO] DbExamplesSqlite:375 - Ignored 46 examples not supported by CubeIDE
2023-03-25 12:08:32,329 [INFO] DbExamplesSqlite:376 - Found 7328 examples active
2023-03-25 12:08:32,330 [INFO] DbExamplesSqlite:377 - Found 1095 examples obsolete
2023-03-25 12:08:32,330 [INFO] DbExamplesSqlite:378 - Found 0 examples under development
2023-03-25 12:08:32,330 [INFO] DbExamplesSqlite:379 - Found 77 examples not building
2023-03-25 12:08:32,333 [INFO] DbExamples:124 - Found 7359 examples
2023-03-25 12:08:32,499 [ERROR] DbExamples:207 - Found 498 examples with invalid data (board or MCU)
2023-03-25 12:08:32,499 [INFO] DbExamples:221 - Found 85 boards with related examples
2023-03-25 12:08:32,501 [INFO] DbExamples:234 - Found 76 MCUs with related examples
2023-03-25 12:08:32,554 [INFO] ApiDb:413 - User favorites file not found: C:\Users\sdvs1/.stm32cubeide/favorites.examples.txt
2023-03-25 12:08:32,555 [INFO] DbExamples:249 - Set 0 / 0 favorites Examples
2023-03-25 12:08:32,965 [INFO] McuFinderGlobals:65 - Set McuFinderConnectedMode to true
2023-03-25 12:08:32,977 [INFO] MultiScanPanel:196 - Auto-refresh data requested => check proxy status ongoing
2023-03-25 12:08:32,981 [INFO] FinderPluginLoader:92 - Searching for filters in installed packs
2023-03-25 12:08:35,392 [INFO] LoadUrlFilesThread:179 - End of LoadServerUrlFiles without Thread
2023-03-25 12:08:35,404 [INFO] DetailPanel:339 - Set advertising image to C:/Users/sdvs1/STM32Cube/Repository/\en.prom-stm32h5-mcu-finder.jpg
2023-03-25 12:10:18,152 [INFO] McuResultTable:1384 - Mark MCU STM32F401CCU6 as favorite
2023-03-25 12:10:32,867 [INFO] MultiScanPanel:196 - Auto-refresh data requested => check proxy status ongoing
2023-03-25 12:10:33,038 [INFO] LoadUrlFilesThread:179 - End of LoadServerUrlFiles without Thread
2023-03-25 12:10:33,038 [INFO] DetailPanel:339 - Set advertising image to C:/Users/sdvs1/STM32Cube/Repository/\en.prom-stm32h5-mcu-finder.jpg
2023-03-25 12:10:33,056 [INFO] DbBoards:633 - Loading board mini-images...
2023-03-25 12:10:36,606 [INFO] DbBoards:656 - Loaded 179 board mini-images
2023-03-25 12:11:31,271 [INFO] MainUpdater:2800 - connection check result : 10
2023-03-25 12:11:31,273 [INFO] MainUpdater:2800 - connection check result : 10
2023-03-25 12:11:31,320 [INFO] MicroXplorer:451 - Change Database Path : 
2023-03-25 12:11:31,321 [INFO] MicroXplorer:481 - Change Database Version : DB.6.0.70
2023-03-25 12:11:31,321 [WARN] ThirdParty:845 - waiting for thirdparty lock release [close project]
2023-03-25 12:11:31,322 [INFO] ThirdParty:847 - entering critical section [close project]
2023-03-25 12:11:31,324 [INFO] ThirdParty:857 - exiting critical section [close project]
2023-03-25 12:11:31,335 [INFO] PinOutPanel:1477 - setPackage(No Configuration,No Configuration)
2023-03-25 12:11:31,344 [INFO] UtilMem:74 - Begin LoadConfig() Used Memory: 637831936 Bytes (655360000)
2023-03-25 12:11:31,346 [INFO] MicroXplorer:451 - Change Database Path : 
2023-03-25 12:11:31,346 [INFO] MicroXplorer:481 - Change Database Version : DB.6.0.70
2023-03-25 12:11:31,346 [INFO] OpenFileManager:307 - Change cursor
2023-03-25 12:11:31,454 [INFO] Mcu:1925 - Initializing MCU STM32F401CCUx STM32F401CCUx 
2023-03-25 12:11:31,455 [INFO] Mcu:1938 - No CPN specified => set CPN to STM32F401CCU6
2023-03-25 12:11:33,563 [INFO] Context:654 - Trying to add GPIOservice into a context  which must be forbidden
2023-03-25 12:11:34,244 [INFO] ImportTextPane:193 - (OptionalMessage_ERROR) Unable to find key (Mcu.ThirdPartyNb) in loaded IOC file
2023-03-25 12:11:34,244 [INFO] ImportTextPane:193 - (OptionalMessage_ERROR) Unable to find key (Mcu.PinsNb) in loaded IOC file
2023-03-25 12:11:34,244 [INFO] ImportTextPane:193 - (OptionalMessage_ERROR) Unable to find key (Mcu.IPNb) in loaded IOC file
2023-03-25 12:11:34,424 [INFO] RtosManager:489 - Registered RTOS mode: class=CMSIS, group=RTOS, mode=CMSIS_V1, owner=FREERTOS
2023-03-25 12:11:34,425 [INFO] RtosManager:489 - Registered RTOS mode: class=CMSIS, group=RTOS2, mode=CMSIS_V2, owner=FREERTOS
2023-03-25 12:11:34,425 [INFO] RtosManager:489 - Registered RTOS mode: class=RTOS, group=Core, mode=CMSIS_V1, owner=FREERTOS
2023-03-25 12:11:34,426 [INFO] RtosManager:489 - Registered RTOS mode: class=RTOS, group=Core, mode=CMSIS_V2, owner=FREERTOS
2023-03-25 12:11:34,426 [WARN] ModelIntegratedComponent:185 - Missing modes for component STMicroelectronics:FreeRTOS:0.0.1:STMicroelectronics:RTOS:FreeRTOS:Core:::10.2.0:
2023-03-25 12:11:34,444 [WARN] ModelIntegratedComponent:183 - Modes not found for component STMicroelectronics:USB_HOST:1.0.0:STMicroelectronics:USB::USB Host:Audio HS::1.0:USB_HOST_1_0_RESTRICTED_HS
2023-03-25 12:11:34,444 [WARN] ModelIntegratedComponent:189 - Modes not found for component STMicroelectronics:USB_HOST:1.0.0:STMicroelectronics:USB::USB Host:Audio HS::1.0:USB_HOST_1_0_RESTRICTED_HS
2023-03-25 12:11:34,444 [WARN] ModelIntegratedComponent:183 - Modes not found for component STMicroelectronics:USB_HOST:1.0.0:STMicroelectronics:USB::USB Host:CDC HS::1.0:USB_HOST_1_0_RESTRICTED_HS
2023-03-25 12:11:34,444 [WARN] ModelIntegratedComponent:189 - Modes not found for component STMicroelectronics:USB_HOST:1.0.0:STMicroelectronics:USB::USB Host:CDC HS::1.0:USB_HOST_1_0_RESTRICTED_HS
2023-03-25 12:11:34,444 [WARN] ModelIntegratedComponent:183 - Modes not found for component STMicroelectronics:USB_HOST:1.0.0:STMicroelectronics:USB::USB Host:MSC HS::1.0:USB_HOST_1_0_RESTRICTED_HS
2023-03-25 12:11:34,445 [WARN] ModelIntegratedComponent:189 - Modes not found for component STMicroelectronics:USB_HOST:1.0.0:STMicroelectronics:USB::USB Host:MSC HS::1.0:USB_HOST_1_0_RESTRICTED_HS
2023-03-25 12:11:34,445 [WARN] ModelIntegratedComponent:183 - Modes not found for component STMicroelectronics:USB_HOST:1.0.0:STMicroelectronics:USB::USB Host:HID HS::1.0:USB_HOST_1_0_RESTRICTED_HS
2023-03-25 12:11:34,445 [WARN] ModelIntegratedComponent:189 - Modes not found for component STMicroelectronics:USB_HOST:1.0.0:STMicroelectronics:USB::USB Host:HID HS::1.0:USB_HOST_1_0_RESTRICTED_HS
2023-03-25 12:11:34,445 [WARN] ModelIntegratedComponent:183 - Modes not found for component STMicroelectronics:USB_HOST:1.0.0:STMicroelectronics:USB::USB Host:MTP HS::1.0:USB_HOST_1_0_RESTRICTED_HS
2023-03-25 12:11:34,445 [WARN] ModelIntegratedComponent:189 - Modes not found for component STMicroelectronics:USB_HOST:1.0.0:STMicroelectronics:USB::USB Host:MTP HS::1.0:USB_HOST_1_0_RESTRICTED_HS
2023-03-25 12:11:34,462 [WARN] ModelIntegratedComponent:64 - No mode defined for component null
2023-03-25 12:11:34,463 [WARN] ModelIntegratedComponent:64 - No mode defined for component null
2023-03-25 12:11:34,463 [WARN] ModelIntegratedComponent:64 - No mode defined for component null
2023-03-25 12:11:34,463 [WARN] ModelIntegratedComponent:64 - No mode defined for component null
2023-03-25 12:11:34,463 [WARN] ModelIntegratedComponent:64 - No mode defined for component null
2023-03-25 12:11:34,463 [WARN] ModelIntegratedComponent:64 - No mode defined for component null
2023-03-25 12:11:34,464 [WARN] ModelIntegratedComponent:64 - No mode defined for component null
2023-03-25 12:11:34,464 [WARN] ModelIntegratedComponent:64 - No mode defined for component null
2023-03-25 12:11:34,464 [WARN] ModelIntegratedComponent:64 - No mode defined for component null
2023-03-25 12:11:34,464 [WARN] ModelIntegratedComponent:64 - No mode defined for component null
2023-03-25 12:11:34,464 [WARN] ModelIntegratedComponent:64 - No mode defined for component null
2023-03-25 12:11:34,464 [WARN] ModelIntegratedComponent:64 - No mode defined for component null
2023-03-25 12:11:34,464 [WARN] ModelIntegratedComponent:64 - No mode defined for component null
2023-03-25 12:11:34,464 [WARN] ModelIntegratedComponent:64 - No mode defined for component null
2023-03-25 12:11:34,465 [WARN] ModelIntegratedComponent:64 - No mode defined for component null
2023-03-25 12:11:34,465 [WARN] ModelIntegratedComponent:64 - No mode defined for component null
2023-03-25 12:11:34,465 [WARN] ModelIntegratedComponent:64 - No mode defined for component null
2023-03-25 12:11:34,465 [WARN] ModelIntegratedComponent:64 - No mode defined for component null
2023-03-25 12:11:34,465 [WARN] ModelIntegratedComponent:64 - No mode defined for component null
2023-03-25 12:11:34,465 [WARN] ModelIntegratedComponent:64 - No mode defined for component null
2023-03-25 12:11:34,465 [WARN] ModelIntegratedComponent:64 - No mode defined for component null
2023-03-25 12:11:34,465 [WARN] ModelIntegratedComponent:64 - No mode defined for component null
2023-03-25 12:11:34,466 [WARN] ModelIntegratedComponent:64 - No mode defined for component null
2023-03-25 12:11:34,466 [WARN] ModelIntegratedComponent:64 - No mode defined for component null
2023-03-25 12:11:34,466 [WARN] ModelIntegratedComponent:64 - No mode defined for component null
2023-03-25 12:11:34,466 [WARN] ModelIntegratedComponent:64 - No mode defined for component null
2023-03-25 12:11:34,466 [WARN] ModelIntegratedComponent:64 - No mode defined for component null
2023-03-25 12:11:34,466 [WARN] ModelIntegratedComponent:64 - No mode defined for component null
2023-03-25 12:11:34,466 [WARN] ModelIntegratedComponent:64 - No mode defined for component null
2023-03-25 12:11:34,466 [WARN] ModelIntegratedComponent:64 - No mode defined for component null
2023-03-25 12:11:34,466 [WARN] ModelIntegratedComponent:64 - No mode defined for component null
2023-03-25 12:11:34,467 [WARN] ModelIntegratedComponent:64 - No mode defined for component null
2023-03-25 12:11:34,467 [WARN] ModelIntegratedComponent:64 - No mode defined for component null
2023-03-25 12:11:34,651 [WARN] ModelIntegratedComponent:183 - Modes not found for component STMicroelectronics:USB_DEVICE:1.0.0:STMicroelectronics:USB::USB Device:Audio HS::1.0:USB_DEVICE_1_0_RESTRICTED_HS
2023-03-25 12:11:34,651 [WARN] ModelIntegratedComponent:189 - Modes not found for component STMicroelectronics:USB_DEVICE:1.0.0:STMicroelectronics:USB::USB Device:Audio HS::1.0:USB_DEVICE_1_0_RESTRICTED_HS
2023-03-25 12:11:34,651 [WARN] ModelIntegratedComponent:183 - Modes not found for component STMicroelectronics:USB_DEVICE:1.0.0:STMicroelectronics:USB::USB Device:CDC HS::1.0:USB_DEVICE_1_0_RESTRICTED_HS
2023-03-25 12:11:34,651 [WARN] ModelIntegratedComponent:189 - Modes not found for component STMicroelectronics:USB_DEVICE:1.0.0:STMicroelectronics:USB::USB Device:CDC HS::1.0:USB_DEVICE_1_0_RESTRICTED_HS
2023-03-25 12:11:34,652 [WARN] ModelIntegratedComponent:183 - Modes not found for component STMicroelectronics:USB_DEVICE:1.0.0:STMicroelectronics:USB::USB Device:DFU HS::1.0:USB_DEVICE_1_0_RESTRICTED_HS
2023-03-25 12:11:34,652 [WARN] ModelIntegratedComponent:189 - Modes not found for component STMicroelectronics:USB_DEVICE:1.0.0:STMicroelectronics:USB::USB Device:DFU HS::1.0:USB_DEVICE_1_0_RESTRICTED_HS
2023-03-25 12:11:34,652 [WARN] ModelIntegratedComponent:183 - Modes not found for component STMicroelectronics:USB_DEVICE:1.0.0:STMicroelectronics:USB::USB Device:HID HS::1.0:USB_DEVICE_1_0_RESTRICTED_HS
2023-03-25 12:11:34,652 [WARN] ModelIntegratedComponent:189 - Modes not found for component STMicroelectronics:USB_DEVICE:1.0.0:STMicroelectronics:USB::USB Device:HID HS::1.0:USB_DEVICE_1_0_RESTRICTED_HS
2023-03-25 12:11:34,652 [WARN] ModelIntegratedComponent:183 - Modes not found for component STMicroelectronics:USB_DEVICE:1.0.0:STMicroelectronics:USB::USB Device:Custom HID HS::1.0:USB_DEVICE_1_0_RESTRICTED_HS
2023-03-25 12:11:34,652 [WARN] ModelIntegratedComponent:189 - Modes not found for component STMicroelectronics:USB_DEVICE:1.0.0:STMicroelectronics:USB::USB Device:Custom HID HS::1.0:USB_DEVICE_1_0_RESTRICTED_HS
2023-03-25 12:11:34,652 [WARN] ModelIntegratedComponent:183 - Modes not found for component STMicroelectronics:USB_DEVICE:1.0.0:STMicroelectronics:USB::USB Device:MSC HS::1.0:USB_DEVICE_1_0_RESTRICTED_HS
2023-03-25 12:11:34,652 [WARN] ModelIntegratedComponent:189 - Modes not found for component STMicroelectronics:USB_DEVICE:1.0.0:STMicroelectronics:USB::USB Device:MSC HS::1.0:USB_DEVICE_1_0_RESTRICTED_HS
2023-03-25 12:11:34,667 [INFO] ThirdPartyModel:294 - Start build external matchings
2023-03-25 12:11:35,403 [INFO] ThirdPartyModel:310 - End build external matchings
2023-03-25 12:11:35,780 [INFO] UtilMem:74 - End LoadConfig() Used Memory: 667260800 Bytes (686817280)
2023-03-25 12:11:35,824 [WARN] ThirdParty:807 - waiting for thirdparty lock release [change project]
2023-03-25 12:11:35,824 [INFO] ThirdParty:809 - entering critical section [change project]
2023-03-25 12:11:35,824 [INFO] ThirdParty:999 - CMSIS Pack Vendor :STMicroelectronics X-CUBE-ISPU 1.1.0
2023-03-25 12:11:35,825 [INFO] ThirdParty:999 - CMSIS Pack Vendor :RoweBots I-CUBE-UNISONRTOS 5.5.0-4
2023-03-25 12:11:35,825 [INFO] ThirdParty:999 - CMSIS Pack Vendor :STMicroelectronics X-CUBE-GNSS1 6.0.0
2023-03-25 12:11:35,825 [INFO] ThirdParty:999 - CMSIS Pack Vendor :STMicroelectronics USB_HOST 2.0.0
2023-03-25 12:11:35,825 [INFO] ThirdParty:999 - CMSIS Pack Vendor :STMicroelectronics X-CUBE-AZRTOS-F4 1.1.0
2023-03-25 12:11:35,825 [INFO] ThirdParty:999 - CMSIS Pack Vendor :STMicroelectronics LIBJPEG 8.0.0
2023-03-25 12:11:35,825 [INFO] ThirdParty:999 - CMSIS Pack Vendor :STMicroelectronics USB_DEVICE 3.0.0
2023-03-25 12:11:35,825 [INFO] ThirdParty:999 - CMSIS Pack Vendor :STMicroelectronics X-CUBE-AI 8.0.0
2023-03-25 12:11:35,825 [INFO] ThirdParty:999 - CMSIS Pack Vendor :STMicroelectronics X-CUBE-FREERTOS 1.0.0
2023-03-25 12:11:35,825 [INFO] ThirdParty:999 - CMSIS Pack Vendor :STMicroelectronics X-CUBE-TOUCHGFX 4.21.1
2023-03-25 12:11:35,825 [INFO] ThirdParty:999 - CMSIS Pack Vendor :STMicroelectronics X-CUBE-TOUCHGFX 4.21.3
2023-03-25 12:11:35,825 [INFO] ThirdParty:999 - CMSIS Pack Vendor :STMicroelectronics X-CUBE-AZRTOS-F7 1.1.0
2023-03-25 12:11:35,825 [INFO] ThirdParty:999 - CMSIS Pack Vendor :STMicroelectronics USB_DEVICE 2.0.0
2023-03-25 12:11:35,826 [INFO] ThirdParty:999 - CMSIS Pack Vendor :STMicroelectronics X-CUBE-ALGOBUILD 1.3.0
2023-03-25 12:11:35,826 [INFO] ThirdParty:999 - CMSIS Pack Vendor :STMicroelectronics X-CUBE-BLE1 6.2.4
2023-03-25 12:11:35,826 [INFO] ThirdParty:999 - CMSIS Pack Vendor :STMicroelectronics X-CUBE-AZRTOS-L5 1.1.0
2023-03-25 12:11:35,826 [INFO] ThirdParty:999 - CMSIS Pack Vendor :STMicroelectronics FreeRTOS 0.0.1
2023-03-25 12:11:35,826 [INFO] ThirdParty:999 - CMSIS Pack Vendor :emotas I-CUBE-CANOPEN 1.1.3
2023-03-25 12:11:35,826 [INFO] ThirdParty:999 - CMSIS Pack Vendor :STMicroelectronics X-CUBE-AZRTOS-G0 1.1.0
2023-03-25 12:11:35,826 [INFO] ThirdParty:999 - CMSIS Pack Vendor :STMicroelectronics X-CUBE-BLEMGR 2.0.0
2023-03-25 12:11:35,826 [INFO] ThirdParty:999 - CMSIS Pack Vendor :STMicroelectronics X-CUBE-SUBG2 5.0.0
2023-03-25 12:11:35,826 [INFO] ThirdParty:999 - CMSIS Pack Vendor :STMicroelectronics X-CUBE-NFC4 3.0.0
2023-03-25 12:11:35,826 [INFO] ThirdParty:999 - CMSIS Pack Vendor :STMicroelectronics STM32_WPAN 1.0.0
2023-03-25 12:11:35,826 [INFO] ThirdParty:999 - CMSIS Pack Vendor :STMicroelectronics lwIP 2.0.3
2023-03-25 12:11:35,826 [INFO] ThirdParty:999 - CMSIS Pack Vendor :STMicroelectronics USB_HOST 1.0.0
2023-03-25 12:11:35,827 [INFO] ThirdParty:999 - CMSIS Pack Vendor :STMicroelectronics PDM2PCM 3.1.0
2023-03-25 12:11:35,827 [INFO] ThirdParty:999 - CMSIS Pack Vendor :STMicroelectronics X-CUBE-TOF1 3.3.0
2023-03-25 12:11:35,827 [INFO] ThirdParty:999 - CMSIS Pack Vendor :STMicroelectronics FP-ATR-ASTRA1 1.1.1
2023-03-25 12:11:35,827 [INFO] ThirdParty:999 - CMSIS Pack Vendor :STMicroelectronics PDM2PCM 3.3.0
2023-03-25 12:11:35,827 [INFO] ThirdParty:999 - CMSIS Pack Vendor :STMicroelectronics X-CUBE-DISPLAY 3.0.0
2023-03-25 12:11:35,827 [INFO] ThirdParty:999 - CMSIS Pack Vendor :STMicroelectronics X-CUBE-AZRTOS-G4 1.0.0
2023-03-25 12:11:35,827 [INFO] ThirdParty:999 - CMSIS Pack Vendor :STMicroelectronics FP-ATR-SIGFOX1 3.2.0
2023-03-25 12:11:35,827 [INFO] ThirdParty:999 - CMSIS Pack Vendor :wolfSSL I-CUBE-wolfSSL 5.5.4
2023-03-25 12:11:35,827 [INFO] ThirdParty:999 - CMSIS Pack Vendor :STMicroelectronics X-CUBE-AZRTOS-L4 1.0.0
2023-03-25 12:11:35,828 [INFO] ThirdParty:999 - CMSIS Pack Vendor :STMicroelectronics HAL Drivers 0.0.0
2023-03-25 12:11:35,828 [INFO] ThirdParty:999 - CMSIS Pack Vendor :STMicroelectronics MBEDTLS 2.16.2
2023-03-25 12:11:35,828 [INFO] ThirdParty:999 - CMSIS Pack Vendor :STMicroelectronics MBEDTLS 2.14.1
2023-03-25 12:11:35,828 [INFO] ThirdParty:999 - CMSIS Pack Vendor :STMicroelectronics X-CUBE-NFC7 1.0.0
2023-03-25 12:11:35,828 [INFO] ThirdParty:999 - CMSIS Pack Vendor :STMicroelectronics X-CUBE-AZRTOS-WL 1.0.0
2023-03-25 12:11:35,828 [INFO] ThirdParty:999 - CMSIS Pack Vendor :STMicroelectronics X-CUBE-EEPRMA1 4.1.0
2023-03-25 12:11:35,828 [INFO] ThirdParty:999 - CMSIS Pack Vendor :portGmbH I-Cube-SoM-uGOAL 1.1.0
2023-03-25 12:11:35,828 [INFO] ThirdParty:999 - CMSIS Pack Vendor :STMicroelectronics X-CUBE-ALS 1.0.1
2023-03-25 12:11:35,828 [INFO] ThirdParty:999 - CMSIS Pack Vendor :STMicroelectronics X-CUBE-MEMS1 9.5.0
2023-03-25 12:11:35,829 [INFO] ThirdParty:999 - CMSIS Pack Vendor :STMicroelectronics ThreadX 1.0.0
2023-03-25 12:11:35,829 [INFO] ThirdParty:999 - CMSIS Pack Vendor :STMicroelectronics X-CUBE-AZRTOS-WB 1.1.0
2023-03-25 12:11:35,829 [INFO] ThirdParty:999 - CMSIS Pack Vendor :SEGGER I-CUBE-embOS 1.3.1
2023-03-25 12:11:35,829 [INFO] ThirdParty:999 - CMSIS Pack Vendor :STMicroelectronics USB_DEVICE 1.0.0
2023-03-25 12:11:35,829 [INFO] ThirdParty:999 - CMSIS Pack Vendor :STMicroelectronics ThreadX 0.0.2
2023-03-25 12:11:35,829 [INFO] ThirdParty:999 - CMSIS Pack Vendor :WES I-CUBE-Cesium 1.3.0
2023-03-25 12:11:35,829 [INFO] ThirdParty:999 - CMSIS Pack Vendor :STMicroelectronics lwIP 2.1.2
2023-03-25 12:11:35,829 [INFO] ThirdParty:999 - CMSIS Pack Vendor :STMicroelectronics X-CUBE-SFXS2LP1 4.0.0
2023-03-25 12:11:35,830 [INFO] ThirdParty:999 - CMSIS Pack Vendor :STMicroelectronics X-CUBE-BLE2 3.3.0
2023-03-25 12:11:35,830 [INFO] ThirdParty:999 - CMSIS Pack Vendor :STMicroelectronics X-CUBE-TOF1 3.2.0
2023-03-25 12:11:35,830 [INFO] ThirdParty:999 - CMSIS Pack Vendor :STMicroelectronics PDM2PCM 3.2.0
2023-03-25 12:11:35,830 [INFO] ThirdParty:999 - CMSIS Pack Vendor :STMicroelectronics X-CUBE-AZRTOS-H7 3.0.0
2023-03-25 12:11:35,830 [INFO] ThirdParty:815 - exiting critical section [change project]
2023-03-25 12:11:36,351 [INFO] PinOutPanel:1477 - setPackage(No Configuration,No Configuration)
2023-03-25 12:11:36,353 [INFO] PinOutPanel:1477 - setPackage(STM32F401CCUx,UFQFPN48)
2023-03-25 12:11:37,321 [INFO] UtilMem:74 - Before build in PCC Used Memory: 664070392 Bytes (691011584)
2023-03-25 12:11:38,860 [INFO] UtilMem:74 - After build in PCC Used Memory: 674079096 Bytes (695205888)
2023-03-25 12:11:38,952 [INFO] IPUIPlugin:79 - create IPUIPlugin
2023-03-25 12:11:38,953 [INFO] IPUIPlugin:79 - create IPUIPlugin
2023-03-25 12:11:38,953 [INFO] IPUIPlugin:79 - create IPUIPlugin
2023-03-25 12:11:38,954 [INFO] IPUIPlugin:79 - create IPUIPlugin
2023-03-25 12:11:38,963 [INFO] IPUIPlugin:79 - create IPUIPlugin
2023-03-25 12:11:38,964 [INFO] IPUIPlugin:79 - create IPUIPlugin
2023-03-25 12:11:38,964 [INFO] IPUIPlugin:79 - create IPUIPlugin
2023-03-25 12:11:38,965 [INFO] IPUIPlugin:79 - create IPUIPlugin
2023-03-25 12:11:38,965 [INFO] IPUIPlugin:79 - create IPUIPlugin
2023-03-25 12:11:38,965 [INFO] IPUIPlugin:79 - create IPUIPlugin
2023-03-25 12:11:38,965 [INFO] IPUIPlugin:79 - create IPUIPlugin
2023-03-25 12:11:38,966 [INFO] IPUIPlugin:79 - create IPUIPlugin
2023-03-25 12:11:38,966 [INFO] IPUIPlugin:79 - create IPUIPlugin
2023-03-25 12:11:38,967 [INFO] IPUIPlugin:79 - create IPUIPlugin
2023-03-25 12:11:38,967 [INFO] IPUIPlugin:79 - create IPUIPlugin
2023-03-25 12:11:38,967 [INFO] IPUIPlugin:79 - create IPUIPlugin
2023-03-25 12:11:38,968 [INFO] IPUIPlugin:79 - create IPUIPlugin
2023-03-25 12:11:38,968 [INFO] IPUIPlugin:79 - create IPUIPlugin
2023-03-25 12:11:38,969 [INFO] IPUIPlugin:79 - create IPUIPlugin
2023-03-25 12:11:38,969 [INFO] IPUIPlugin:79 - create IPUIPlugin
2023-03-25 12:11:38,970 [INFO] IPUIPlugin:79 - create IPUIPlugin
2023-03-25 12:11:38,970 [INFO] IPUIPlugin:79 - create IPUIPlugin
2023-03-25 12:11:38,971 [INFO] IPUIPlugin:79 - create IPUIPlugin
2023-03-25 12:11:38,971 [INFO] IPUIPlugin:79 - create IPUIPlugin
2023-03-25 12:11:38,972 [INFO] IPUIPlugin:79 - create IPUIPlugin
2023-03-25 12:11:38,972 [INFO] IPUIPlugin:79 - create IPUIPlugin
2023-03-25 12:11:38,972 [INFO] IPUIPlugin:79 - create IPUIPlugin
2023-03-25 12:11:38,973 [INFO] IPUIPlugin:79 - create IPUIPlugin
2023-03-25 12:11:38,974 [INFO] IPUIPlugin:79 - create IPUIPlugin
2023-03-25 12:11:38,988 [INFO] IPUIPlugin:79 - create IPUIPlugin
2023-03-25 12:11:38,989 [INFO] IPUIPlugin:79 - create IPUIPlugin
2023-03-25 12:11:38,989 [INFO] IPUIPlugin:79 - create IPUIPlugin
2023-03-25 12:11:38,990 [INFO] IPUIPlugin:79 - create IPUIPlugin
2023-03-25 12:11:38,990 [INFO] IPUIPlugin:79 - create IPUIPlugin
2023-03-25 12:11:38,991 [INFO] IPUIPlugin:79 - create IPUIPlugin
2023-03-25 12:11:38,992 [INFO] IPUIPlugin:79 - create IPUIPlugin
2023-03-25 12:11:38,993 [INFO] IPUIPlugin:79 - create IPUIPlugin
2023-03-25 12:11:39,148 [INFO] ApiDbMcu:505 - Load IP Config File for PDM2PCM
2023-03-25 12:11:39,450 [INFO] CADModel:164 - CPN selected for project levelSTM32F401CCU6
2023-03-25 12:11:39,451 [INFO] CADModel:113 - Register for checkConnection events
2023-03-25 12:11:39,516 [INFO] OpenFileManager:327 - Restore cursor
2023-03-25 12:11:41,598 [INFO] UtilMem:74 - End SaveConfig() Used Memory: 668709040 Bytes (697303040)
2023-03-25 12:11:41,880 [INFO] ServerAccessManage:474 - Download File stm32cube_fw_f4_v1270.zip
2023-03-25 12:12:20,898 [INFO] AnalyticsPlugin:358 - Accepted License(s) without tracking enabled: [FW.F4.1.27.0]
2023-03-25 12:12:20,898 [INFO] FileExtend:239 - Unzip File : stm32cube_fw_f4_v1270.zip
2023-03-25 12:12:20,899 [INFO] FileExtend:254 - Standard Zip Deflate
2023-03-25 12:14:01,942 [INFO] ServerAccessManage:474 - Download File stm32cube_fw_f4_v1271.zip
2023-03-25 12:14:05,707 [INFO] FileExtend:239 - Unzip File : stm32cube_fw_f4_v1271.zip
2023-03-25 12:14:05,708 [INFO] FileExtend:254 - Standard Zip Deflate
2023-03-25 12:14:06,840 [INFO] LoadServerPackagesThread:190 - End of LoadServerPackages Thread
2023-03-25 12:14:07,008 [INFO] ThirdPartyModel:294 - Start build external matchings
2023-03-25 12:14:07,015 [INFO] UtilMem:74 - End SaveConfig() Used Memory: 715046864 Bytes (1073741824)
2023-03-25 12:14:07,973 [INFO] ThirdPartyModel:310 - End build external matchings
2023-03-25 12:14:07,989 [INFO] CheckServerUpdateThread:119 - End of CheckServer Thread
2023-03-25 12:14:08,165 [INFO] BlockDiagram:2759 - set Specific Code input for plugin: NVIC
2023-03-25 12:14:08,165 [INFO] BlockDiagram:2759 - set Specific Code input for plugin: RCC
2023-03-25 12:14:08,171 [INFO] CodeGenerator:692 - code generatio: config db path: C:\PROGRAMM\STM32CubeIDE_1.11.2\STM32CubeIDE\plugins\com.st.stm32cube.common.mx_6.7.0.202301130839\\db\
2023-03-25 12:14:08,756 [INFO] CodeEngine:247 - oldGeneratedFile, D:\1magistr\stm32\Lab01-GPIO-Output\MXTmpFiles\license.tmp_save
2023-03-25 12:14:09,379 [INFO] CodeEngine:271 - Generated code: D:\1magistr\stm32\Lab01-GPIO-Output\MXTmpFiles\license.tmp
2023-03-25 12:14:09,410 [INFO] CodeEngine:247 - oldGeneratedFile, D:\1magistr\stm32\Lab01-GPIO-Output\Core\Src\stm32f4xx_it.c_save
2023-03-25 12:14:09,697 [INFO] CodeEngine:271 - Generated code: D:\1magistr\stm32\Lab01-GPIO-Output\Core\Src\stm32f4xx_it.c
2023-03-25 12:14:09,710 [INFO] CodeEngine:247 - oldGeneratedFile, D:\1magistr\stm32\Lab01-GPIO-Output\Core\Inc\stm32f4xx_it.h_save
2023-03-25 12:14:09,889 [INFO] CodeEngine:271 - Generated code: D:\1magistr\stm32\Lab01-GPIO-Output\Core\Inc\stm32f4xx_it.h
2023-03-25 12:14:10,003 [INFO] CodeEngine:247 - oldGeneratedFile, D:\1magistr\stm32\Lab01-GPIO-Output\Core\Src\stm32f4xx_hal_msp.c_save
2023-03-25 12:14:10,269 [INFO] CodeEngine:271 - Generated code: D:\1magistr\stm32\Lab01-GPIO-Output\Core\Src\stm32f4xx_hal_msp.c
2023-03-25 12:14:10,291 [INFO] CodeEngine:247 - oldGeneratedFile, D:\1magistr\stm32\Lab01-GPIO-Output\MXTmpFiles\system.tmp_save
2023-03-25 12:14:10,416 [INFO] CodeEngine:271 - Generated code: D:\1magistr\stm32\Lab01-GPIO-Output\MXTmpFiles\system.tmp
2023-03-25 12:14:10,438 [INFO] CodeEngine:303 - oldGeneratedFile, D:\1magistr\stm32\Lab01-GPIO-Output\Core\Inc\stm32f4xx_hal_conf.h_save
2023-03-25 12:14:10,651 [INFO] CodeEngine:327 - Generated code: D:\1magistr\stm32\Lab01-GPIO-Output\Core\Inc\stm32f4xx_hal_conf.h
2023-03-25 12:14:10,747 [INFO] CodeEngine:247 - oldGeneratedFile, D:\1magistr\stm32\Lab01-GPIO-Output\Core\Inc\main.h_save
2023-03-25 12:14:10,956 [INFO] CodeEngine:271 - Generated code: D:\1magistr\stm32\Lab01-GPIO-Output\Core\Inc\main.h
2023-03-25 12:14:10,970 [INFO] CodeEngine:247 - oldGeneratedFile, D:\1magistr\stm32\Lab01-GPIO-Output\Core\Src\main.c_save
2023-03-25 12:14:11,275 [INFO] CodeEngine:271 - Generated code: D:\1magistr\stm32\Lab01-GPIO-Output\Core\Src\main.c
2023-03-25 12:14:13,001 [INFO] ProjectBuilder:2919 - Time for Copy HAL[1] : 438mS.
2023-03-25 12:14:13,024 [INFO] ProjectBuilder:4183 - Project Generator version: 3.18.0-B7
2023-03-25 12:14:13,530 [INFO] ConfigFileManager:1396 - The Die is : DIE423
2023-03-25 12:14:13,553 [INFO] ApiDbMcu:505 - Load IP Config File for FATFS
2023-03-25 12:14:13,632 [INFO] ApiDbMcu:505 - Load IP Config File for FREERTOS
2023-03-25 12:14:13,644 [INFO] ApiDbMcu:505 - Load IP Config File for LIBJPEG
2023-03-25 12:14:13,660 [INFO] ApiDbMcu:505 - Load IP Config File for MBEDTLS
2023-03-25 12:14:13,680 [INFO] ApiDbMcu:505 - Load IP Config File for USB_DEVICE
2023-03-25 12:14:13,694 [INFO] ApiDbMcu:505 - Load IP Config File for USB_HOST
2023-03-25 12:14:21,205 [INFO] ProjectBuilder:4351 - Time for Generating toolchain IDE Files: 8181mS.
2023-03-25 12:14:21,207 [INFO] ProjectBuilder:2790 - Time for Copy CMSIS : 1mS.
2023-03-25 12:14:21,210 [INFO] ProjectBuilder:2790 - Time for Copy CMSIS : 0mS.
2023-03-25 12:14:21,885 [INFO] McuFinderGlobals:65 - Set McuFinderConnectedMode to true
2023-03-25 12:14:21,891 [INFO] ApiDb:447 - Save user favorites file C:\Users\sdvs1/.stm32cubeide/favorites.mcus.txt: 1 item(s)
2023-03-25 12:14:21,891 [INFO] ApiDb:451 - User favorites MCUs=[STM32F401CCU6]
2023-03-25 12:14:21,894 [INFO] ApiDb:447 - Save user favorites file C:\Users\sdvs1/.stm32cubeide/favorites.boards.txt: 0 item(s)
2023-03-25 12:14:21,894 [INFO] ApiDb:451 - User favorites Boards=[]
2023-03-25 12:15:11,537 [INFO] UtilMem:74 - End SaveConfig() Used Memory: 636824088 Bytes (1073741824)
2023-03-25 12:16:01,240 [INFO] UtilMem:74 - End SaveConfig() Used Memory: 585404112 Bytes (1073741824)
2023-03-25 12:16:01,643 [INFO] BlockDiagram:2759 - set Specific Code input for plugin: NVIC
2023-03-25 12:16:01,643 [INFO] BlockDiagram:2759 - set Specific Code input for plugin: SYS
2023-03-25 12:16:01,644 [INFO] BlockDiagram:2759 - set Specific Code input for plugin: GPIO
2023-03-25 12:16:01,644 [INFO] BlockDiagram:2759 - set Specific Code input for plugin: RCC
2023-03-25 12:16:01,645 [INFO] CodeGenerator:692 - code generatio: config db path: C:\PROGRAMM\STM32CubeIDE_1.11.2\STM32CubeIDE\plugins\com.st.stm32cube.common.mx_6.7.0.202301130839\\db\
2023-03-25 12:16:01,916 [INFO] CodeEngine:247 - oldGeneratedFile, D:\1magistr\stm32\Lab01-GPIO-Output\MXTmpFiles\license.tmp_save
2023-03-25 12:16:02,069 [INFO] CodeEngine:271 - Generated code: D:\1magistr\stm32\Lab01-GPIO-Output\MXTmpFiles\license.tmp
2023-03-25 12:16:02,108 [INFO] CodeEngine:247 - oldGeneratedFile, D:\1magistr\stm32\Lab01-GPIO-Output\MXTmpFiles\gpio.tmp_save
2023-03-25 12:16:02,297 [INFO] CodeEngine:271 - Generated code: D:\1magistr\stm32\Lab01-GPIO-Output\MXTmpFiles\gpio.tmp
2023-03-25 12:16:02,333 [INFO] CodeEngine:247 - oldGeneratedFile, D:\1magistr\stm32\Lab01-GPIO-Output\Core\Src\stm32f4xx_it.c_save
2023-03-25 12:16:02,497 [INFO] CodeEngine:271 - Generated code: D:\1magistr\stm32\Lab01-GPIO-Output\Core\Src\stm32f4xx_it.c
2023-03-25 12:16:02,506 [INFO] CodeEngine:247 - oldGeneratedFile, D:\1magistr\stm32\Lab01-GPIO-Output\Core\Inc\stm32f4xx_it.h_save
2023-03-25 12:16:02,619 [INFO] CodeEngine:271 - Generated code: D:\1magistr\stm32\Lab01-GPIO-Output\Core\Inc\stm32f4xx_it.h
2023-03-25 12:16:02,642 [INFO] CodeEngine:247 - oldGeneratedFile, D:\1magistr\stm32\Lab01-GPIO-Output\Core\Src\stm32f4xx_hal_msp.c_save
2023-03-25 12:16:02,775 [INFO] CodeEngine:271 - Generated code: D:\1magistr\stm32\Lab01-GPIO-Output\Core\Src\stm32f4xx_hal_msp.c
2023-03-25 12:16:02,780 [INFO] CodeEngine:247 - oldGeneratedFile, D:\1magistr\stm32\Lab01-GPIO-Output\MXTmpFiles\system.tmp_save
2023-03-25 12:16:02,865 [INFO] CodeEngine:271 - Generated code: D:\1magistr\stm32\Lab01-GPIO-Output\MXTmpFiles\system.tmp
2023-03-25 12:16:02,888 [INFO] CodeEngine:303 - oldGeneratedFile, D:\1magistr\stm32\Lab01-GPIO-Output\Core\Inc\stm32f4xx_hal_conf.h_save
2023-03-25 12:16:03,043 [INFO] CodeEngine:327 - Generated code: D:\1magistr\stm32\Lab01-GPIO-Output\Core\Inc\stm32f4xx_hal_conf.h
2023-03-25 12:16:03,103 [INFO] CodeEngine:247 - oldGeneratedFile, D:\1magistr\stm32\Lab01-GPIO-Output\Core\Inc\main.h_save
2023-03-25 12:16:03,226 [INFO] CodeEngine:271 - Generated code: D:\1magistr\stm32\Lab01-GPIO-Output\Core\Inc\main.h
2023-03-25 12:16:03,241 [INFO] CodeEngine:247 - oldGeneratedFile, D:\1magistr\stm32\Lab01-GPIO-Output\Core\Src\main.c_save
2023-03-25 12:16:03,396 [INFO] CodeEngine:271 - Generated code: D:\1magistr\stm32\Lab01-GPIO-Output\Core\Src\main.c
2023-03-25 12:16:04,525 [INFO] ProjectBuilder:2919 - Time for Copy HAL[1] : 391mS.
2023-03-25 12:16:04,529 [INFO] ProjectBuilder:4183 - Project Generator version: 3.18.0-B7
2023-03-25 12:16:05,159 [INFO] ConfigFileManager:1396 - The Die is : DIE423
2023-03-25 12:16:07,413 [INFO] ProjectBuilder:4351 - Time for Generating toolchain IDE Files: 2884mS.
2023-03-25 12:16:07,413 [INFO] ProjectBuilder:2790 - Time for Copy CMSIS : 0mS.
2023-03-25 12:16:07,415 [INFO] ProjectBuilder:2790 - Time for Copy CMSIS : 0mS.
2023-03-25 12:24:11,215 [INFO] UtilMem:74 - End SaveConfig() Used Memory: 816665416 Bytes (1073741824)
2023-03-25 12:24:11,376 [INFO] UtilMem:74 - End SaveConfig() Used Memory: 835929840 Bytes (1073741824)
2023-03-25 12:24:11,679 [INFO] BlockDiagram:2759 - set Specific Code input for plugin: NVIC
2023-03-25 12:24:11,679 [INFO] BlockDiagram:2759 - set Specific Code input for plugin: SYS
2023-03-25 12:24:11,680 [INFO] BlockDiagram:2759 - set Specific Code input for plugin: GPIO
2023-03-25 12:24:11,680 [INFO] BlockDiagram:2759 - set Specific Code input for plugin: RCC
2023-03-25 12:24:11,681 [INFO] CodeGenerator:692 - code generatio: config db path: C:\PROGRAMM\STM32CubeIDE_1.11.2\STM32CubeIDE\plugins\com.st.stm32cube.common.mx_6.7.0.202301130839\\db\
2023-03-25 12:24:11,967 [INFO] CodeEngine:247 - oldGeneratedFile, D:\1magistr\stm32\Lab01-GPIO-Output\MXTmpFiles\license.tmp_save
2023-03-25 12:24:12,106 [INFO] CodeEngine:271 - Generated code: D:\1magistr\stm32\Lab01-GPIO-Output\MXTmpFiles\license.tmp
2023-03-25 12:24:12,215 [INFO] CodeEngine:247 - oldGeneratedFile, D:\1magistr\stm32\Lab01-GPIO-Output\MXTmpFiles\gpio.tmp_save
2023-03-25 12:24:12,381 [INFO] CodeEngine:271 - Generated code: D:\1magistr\stm32\Lab01-GPIO-Output\MXTmpFiles\gpio.tmp
2023-03-25 12:24:12,420 [INFO] CodeEngine:247 - oldGeneratedFile, D:\1magistr\stm32\Lab01-GPIO-Output\Core\Src\stm32f4xx_it.c_save
2023-03-25 12:24:12,567 [INFO] CodeEngine:271 - Generated code: D:\1magistr\stm32\Lab01-GPIO-Output\Core\Src\stm32f4xx_it.c
2023-03-25 12:24:12,582 [INFO] CodeEngine:247 - oldGeneratedFile, D:\1magistr\stm32\Lab01-GPIO-Output\Core\Inc\stm32f4xx_it.h_save
2023-03-25 12:24:12,689 [INFO] CodeEngine:271 - Generated code: D:\1magistr\stm32\Lab01-GPIO-Output\Core\Inc\stm32f4xx_it.h
2023-03-25 12:24:12,712 [INFO] CodeEngine:247 - oldGeneratedFile, D:\1magistr\stm32\Lab01-GPIO-Output\Core\Src\stm32f4xx_hal_msp.c_save
2023-03-25 12:24:12,822 [INFO] CodeEngine:271 - Generated code: D:\1magistr\stm32\Lab01-GPIO-Output\Core\Src\stm32f4xx_hal_msp.c
2023-03-25 12:24:12,826 [INFO] CodeEngine:247 - oldGeneratedFile, D:\1magistr\stm32\Lab01-GPIO-Output\MXTmpFiles\system.tmp_save
2023-03-25 12:24:12,904 [INFO] CodeEngine:271 - Generated code: D:\1magistr\stm32\Lab01-GPIO-Output\MXTmpFiles\system.tmp
2023-03-25 12:24:12,921 [INFO] CodeEngine:303 - oldGeneratedFile, D:\1magistr\stm32\Lab01-GPIO-Output\Core\Inc\stm32f4xx_hal_conf.h_save
2023-03-25 12:24:13,042 [INFO] CodeEngine:327 - Generated code: D:\1magistr\stm32\Lab01-GPIO-Output\Core\Inc\stm32f4xx_hal_conf.h
2023-03-25 12:24:13,085 [INFO] CodeEngine:247 - oldGeneratedFile, D:\1magistr\stm32\Lab01-GPIO-Output\Core\Inc\main.h_save
2023-03-25 12:24:13,221 [INFO] CodeEngine:271 - Generated code: D:\1magistr\stm32\Lab01-GPIO-Output\Core\Inc\main.h
2023-03-25 12:24:13,235 [INFO] CodeEngine:247 - oldGeneratedFile, D:\1magistr\stm32\Lab01-GPIO-Output\Core\Src\main.c_save
2023-03-25 12:24:13,374 [INFO] CodeEngine:271 - Generated code: D:\1magistr\stm32\Lab01-GPIO-Output\Core\Src\main.c
2023-03-25 12:24:14,684 [INFO] ProjectBuilder:2919 - Time for Copy HAL[1] : 443mS.
2023-03-25 12:24:14,688 [INFO] ProjectBuilder:4183 - Project Generator version: 3.18.0-B7
2023-03-25 12:24:15,239 [INFO] ConfigFileManager:1396 - The Die is : DIE423
2023-03-25 12:24:17,333 [INFO] ProjectBuilder:4351 - Time for Generating toolchain IDE Files: 2645mS.
2023-03-25 12:24:17,334 [INFO] ProjectBuilder:2790 - Time for Copy CMSIS : 1mS.
2023-03-25 12:24:17,337 [INFO] ProjectBuilder:2790 - Time for Copy CMSIS : 0mS.
2023-03-25 12:36:55,101 [INFO] UtilMem:74 - End SaveConfig() Used Memory: 634076720 Bytes (1073741824)
2023-03-25 12:36:55,359 [INFO] UtilMem:74 - End SaveConfig() Used Memory: 654984848 Bytes (1073741824)
2023-03-25 12:36:55,736 [INFO] BlockDiagram:2759 - set Specific Code input for plugin: NVIC
2023-03-25 12:36:55,737 [INFO] BlockDiagram:2759 - set Specific Code input for plugin: SYS
2023-03-25 12:36:55,737 [INFO] BlockDiagram:2759 - set Specific Code input for plugin: GPIO
2023-03-25 12:36:55,738 [INFO] BlockDiagram:2759 - set Specific Code input for plugin: RCC
2023-03-25 12:36:55,738 [INFO] CodeGenerator:692 - code generatio: config db path: C:\PROGRAMM\STM32CubeIDE_1.11.2\STM32CubeIDE\plugins\com.st.stm32cube.common.mx_6.7.0.202301130839\\db\
2023-03-25 12:36:55,998 [INFO] CodeEngine:247 - oldGeneratedFile, D:\1magistr\stm32\Lab01-GPIO-Output\MXTmpFiles\license.tmp_save
2023-03-25 12:36:56,204 [INFO] CodeEngine:271 - Generated code: D:\1magistr\stm32\Lab01-GPIO-Output\MXTmpFiles\license.tmp
2023-03-25 12:36:56,276 [INFO] CodeEngine:247 - oldGeneratedFile, D:\1magistr\stm32\Lab01-GPIO-Output\MXTmpFiles\gpio.tmp_save
2023-03-25 12:36:56,465 [INFO] CodeEngine:271 - Generated code: D:\1magistr\stm32\Lab01-GPIO-Output\MXTmpFiles\gpio.tmp
2023-03-25 12:36:56,507 [INFO] CodeEngine:247 - oldGeneratedFile, D:\1magistr\stm32\Lab01-GPIO-Output\Core\Src\stm32f4xx_it.c_save
2023-03-25 12:36:56,806 [INFO] CodeEngine:271 - Generated code: D:\1magistr\stm32\Lab01-GPIO-Output\Core\Src\stm32f4xx_it.c
2023-03-25 12:36:56,822 [INFO] CodeEngine:247 - oldGeneratedFile, D:\1magistr\stm32\Lab01-GPIO-Output\Core\Inc\stm32f4xx_it.h_save
2023-03-25 12:36:56,919 [INFO] CodeEngine:271 - Generated code: D:\1magistr\stm32\Lab01-GPIO-Output\Core\Inc\stm32f4xx_it.h
2023-03-25 12:36:56,940 [INFO] CodeEngine:247 - oldGeneratedFile, D:\1magistr\stm32\Lab01-GPIO-Output\Core\Src\stm32f4xx_hal_msp.c_save
2023-03-25 12:36:57,065 [INFO] CodeEngine:271 - Generated code: D:\1magistr\stm32\Lab01-GPIO-Output\Core\Src\stm32f4xx_hal_msp.c
2023-03-25 12:36:57,068 [INFO] CodeEngine:247 - oldGeneratedFile, D:\1magistr\stm32\Lab01-GPIO-Output\MXTmpFiles\system.tmp_save
2023-03-25 12:36:57,152 [INFO] CodeEngine:271 - Generated code: D:\1magistr\stm32\Lab01-GPIO-Output\MXTmpFiles\system.tmp
2023-03-25 12:36:57,170 [INFO] CodeEngine:303 - oldGeneratedFile, D:\1magistr\stm32\Lab01-GPIO-Output\Core\Inc\stm32f4xx_hal_conf.h_save
2023-03-25 12:36:57,311 [INFO] CodeEngine:327 - Generated code: D:\1magistr\stm32\Lab01-GPIO-Output\Core\Inc\stm32f4xx_hal_conf.h
2023-03-25 12:36:57,364 [INFO] CodeEngine:247 - oldGeneratedFile, D:\1magistr\stm32\Lab01-GPIO-Output\Core\Inc\main.h_save
2023-03-25 12:36:57,530 [INFO] CodeEngine:271 - Generated code: D:\1magistr\stm32\Lab01-GPIO-Output\Core\Inc\main.h
2023-03-25 12:36:57,550 [INFO] CodeEngine:247 - oldGeneratedFile, D:\1magistr\stm32\Lab01-GPIO-Output\Core\Src\main.c_save
2023-03-25 12:36:57,785 [INFO] CodeEngine:271 - Generated code: D:\1magistr\stm32\Lab01-GPIO-Output\Core\Src\main.c
2023-03-25 12:36:59,024 [INFO] ProjectBuilder:2919 - Time for Copy HAL[1] : 351mS.
2023-03-25 12:36:59,028 [INFO] ProjectBuilder:4183 - Project Generator version: 3.18.0-B7
2023-03-25 12:36:59,346 [INFO] ConfigFileManager:1396 - The Die is : DIE423
2023-03-25 12:37:01,755 [INFO] ProjectBuilder:4351 - Time for Generating toolchain IDE Files: 2727mS.
2023-03-25 12:37:01,756 [INFO] ProjectBuilder:2790 - Time for Copy CMSIS : 0mS.
2023-03-25 12:37:01,759 [INFO] ProjectBuilder:2790 - Time for Copy CMSIS : 0mS.
2023-03-25 12:49:05,277 [INFO] UtilMem:74 - End SaveConfig() Used Memory: 734769536 Bytes (1073741824)
2023-03-25 12:49:05,605 [INFO] BlockDiagram:2759 - set Specific Code input for plugin: NVIC
2023-03-25 12:49:05,605 [INFO] BlockDiagram:2759 - set Specific Code input for plugin: SYS
2023-03-25 12:49:05,605 [INFO] BlockDiagram:2759 - set Specific Code input for plugin: GPIO
2023-03-25 12:49:05,606 [INFO] BlockDiagram:2759 - set Specific Code input for plugin: RCC
2023-03-25 12:49:05,606 [INFO] CodeGenerator:692 - code generatio: config db path: C:\PROGRAMM\STM32CubeIDE_1.11.2\STM32CubeIDE\plugins\com.st.stm32cube.common.mx_6.7.0.202301130839\\db\
2023-03-25 12:49:05,896 [INFO] CodeEngine:247 - oldGeneratedFile, D:\1magistr\stm32\Lab01-GPIO-Output\MXTmpFiles\license.tmp_save
2023-03-25 12:49:06,099 [INFO] CodeEngine:271 - Generated code: D:\1magistr\stm32\Lab01-GPIO-Output\MXTmpFiles\license.tmp
2023-03-25 12:49:06,117 [INFO] CodeEngine:247 - oldGeneratedFile, D:\1magistr\stm32\Lab01-GPIO-Output\MXTmpFiles\gpio.tmp_save
2023-03-25 12:49:06,255 [INFO] CodeEngine:271 - Generated code: D:\1magistr\stm32\Lab01-GPIO-Output\MXTmpFiles\gpio.tmp
2023-03-25 12:49:06,285 [INFO] CodeEngine:247 - oldGeneratedFile, D:\1magistr\stm32\Lab01-GPIO-Output\Core\Src\stm32f4xx_it.c_save
2023-03-25 12:49:06,555 [INFO] CodeEngine:271 - Generated code: D:\1magistr\stm32\Lab01-GPIO-Output\Core\Src\stm32f4xx_it.c
2023-03-25 12:49:06,567 [INFO] CodeEngine:247 - oldGeneratedFile, D:\1magistr\stm32\Lab01-GPIO-Output\Core\Inc\stm32f4xx_it.h_save
2023-03-25 12:49:06,660 [INFO] CodeEngine:271 - Generated code: D:\1magistr\stm32\Lab01-GPIO-Output\Core\Inc\stm32f4xx_it.h
2023-03-25 12:49:06,679 [INFO] CodeEngine:247 - oldGeneratedFile, D:\1magistr\stm32\Lab01-GPIO-Output\Core\Src\stm32f4xx_hal_msp.c_save
2023-03-25 12:49:06,822 [INFO] CodeEngine:271 - Generated code: D:\1magistr\stm32\Lab01-GPIO-Output\Core\Src\stm32f4xx_hal_msp.c
2023-03-25 12:49:06,826 [INFO] CodeEngine:247 - oldGeneratedFile, D:\1magistr\stm32\Lab01-GPIO-Output\MXTmpFiles\system.tmp_save
2023-03-25 12:49:06,912 [INFO] CodeEngine:271 - Generated code: D:\1magistr\stm32\Lab01-GPIO-Output\MXTmpFiles\system.tmp
2023-03-25 12:49:06,931 [INFO] CodeEngine:303 - oldGeneratedFile, D:\1magistr\stm32\Lab01-GPIO-Output\Core\Inc\stm32f4xx_hal_conf.h_save
2023-03-25 12:49:07,045 [INFO] CodeEngine:327 - Generated code: D:\1magistr\stm32\Lab01-GPIO-Output\Core\Inc\stm32f4xx_hal_conf.h
2023-03-25 12:49:07,139 [INFO] CodeEngine:247 - oldGeneratedFile, D:\1magistr\stm32\Lab01-GPIO-Output\Core\Inc\main.h_save
2023-03-25 12:49:07,280 [INFO] CodeEngine:271 - Generated code: D:\1magistr\stm32\Lab01-GPIO-Output\Core\Inc\main.h
2023-03-25 12:49:07,292 [INFO] CodeEngine:247 - oldGeneratedFile, D:\1magistr\stm32\Lab01-GPIO-Output\Core\Src\main.c_save
2023-03-25 12:49:07,447 [INFO] CodeEngine:271 - Generated code: D:\1magistr\stm32\Lab01-GPIO-Output\Core\Src\main.c
2023-03-25 12:49:08,610 [INFO] ProjectBuilder:2919 - Time for Copy HAL[1] : 385mS.
2023-03-25 12:49:08,614 [INFO] ProjectBuilder:4183 - Project Generator version: 3.18.0-B7
2023-03-25 12:49:08,915 [INFO] ConfigFileManager:1396 - The Die is : DIE423
2023-03-25 12:49:10,851 [INFO] ProjectBuilder:4351 - Time for Generating toolchain IDE Files: 2237mS.
2023-03-25 12:49:10,852 [INFO] ProjectBuilder:2790 - Time for Copy CMSIS : 0mS.
2023-03-25 12:49:10,855 [INFO] ProjectBuilder:2790 - Time for Copy CMSIS : 0mS.
